<?xml version="1.0" encoding="UTF-8"?>
<testsuite name="features.paypal.parallel.ParallelRunnerRegression" tests="1" skipped="0" failures="0" errors="0" timestamp="2022-04-27T21:06:44" hostname="P-ABUSTOS" time="5.013">
  <properties/>
  <testcase name="testParallelR()" classname="features.paypal.parallel.ParallelRunnerRegression" time="5.013"/>
  <system-out><![CDATA[16:06:44.949 [Test worker] INFO com.intuit.karate.Runner - using system property 'karate.env': qa
16:06:45.534 [Test worker] DEBUG com.intuit.karate.Suite - [config] classpath:karate-config.js
16:06:45.544 [Test worker] DEBUG com.intuit.karate.Suite - waiting for 7 features to complete
16:06:46.341 [pool-1-thread-4] INFO com.intuit.karate - karate.env =  qa 
16:06:46.341 [pool-1-thread-1] INFO com.intuit.karate - karate.env =  qa 
16:06:46.341 [pool-1-thread-5] INFO com.intuit.karate - karate.env =  qa 
16:06:46.341 [pool-1-thread-2] INFO com.intuit.karate - karate.env =  qa 
16:06:46.341 [pool-1-thread-3] INFO com.intuit.karate - karate.env =  qa 
16:06:46.405 [pool-1-thread-3] DEBUG com.jayway.jsonpath.internal.path.CompiledPath - Evaluating path: $
16:06:46.405 [pool-1-thread-5] DEBUG com.jayway.jsonpath.internal.path.CompiledPath - Evaluating path: $
16:06:46.408 [pool-1-thread-4] DEBUG karate.io.netty.util.internal.logging.InternalLoggerFactory - Using SLF4J as the default logging framework
16:06:46.408 [pool-1-thread-4] DEBUG karate.io.netty.util.internal.PlatformDependent - Platform: Windows
16:06:46.408 [pool-1-thread-4] DEBUG karate.io.netty.util.internal.PlatformDependent0 - -Dio.netty.noUnsafe: false
16:06:46.408 [pool-1-thread-4] DEBUG karate.io.netty.util.internal.PlatformDependent0 - Java version: 14
16:06:46.412 [pool-1-thread-4] DEBUG karate.io.netty.util.internal.PlatformDependent0 - sun.misc.Unsafe.theUnsafe: available
16:06:46.412 [pool-1-thread-4] DEBUG karate.io.netty.util.internal.PlatformDependent0 - sun.misc.Unsafe.copyMemory: available
16:06:46.413 [pool-1-thread-4] DEBUG karate.io.netty.util.internal.PlatformDependent0 - java.nio.Buffer.address: available
16:06:46.415 [pool-1-thread-4] DEBUG karate.io.netty.util.internal.PlatformDependent0 - direct buffer constructor: unavailable
java.lang.UnsupportedOperationException: Reflective setAccessible(true) disabled
	at karate.io.netty.util.internal.ReflectionUtil.trySetAccessible(ReflectionUtil.java:31)
	at karate.io.netty.util.internal.PlatformDependent0$4.run(PlatformDependent0.java:239)
	at java.base/java.security.AccessController.doPrivileged(AccessController.java:312)
	at karate.io.netty.util.internal.PlatformDependent0.<clinit>(PlatformDependent0.java:233)
	at karate.io.netty.util.internal.PlatformDependent.isAndroid(PlatformDependent.java:294)
	at karate.io.netty.util.internal.PlatformDependent.<clinit>(PlatformDependent.java:93)
	at karate.io.netty.util.AsciiString.<init>(AsciiString.java:223)
	at karate.io.netty.util.AsciiString.<init>(AsciiString.java:210)
	at karate.io.netty.util.AsciiString.cached(AsciiString.java:1401)
	at karate.io.netty.util.AsciiString.<clinit>(AsciiString.java:48)
	at karate.io.netty.handler.codec.http.HttpResponseStatus.<init>(HttpResponseStatus.java:559)
	at karate.io.netty.handler.codec.http.HttpResponseStatus.newStatus(HttpResponseStatus.java:326)
	at karate.io.netty.handler.codec.http.HttpResponseStatus.<clinit>(HttpResponseStatus.java:39)
	at com.intuit.karate.http.HttpUtils.<clinit>(HttpUtils.java:225)
	at com.intuit.karate.http.HttpRequestBuilder.build(HttpRequestBuilder.java:199)
	at com.intuit.karate.core.ScenarioEngine.httpInvokeOnce(ScenarioEngine.java:565)
	at com.intuit.karate.core.ScenarioEngine.httpInvoke(ScenarioEngine.java:545)
	at com.intuit.karate.core.ScenarioEngine.method(ScenarioEngine.java:537)
	at com.intuit.karate.ScenarioActions.method(ScenarioActions.java:248)
	at java.base/jdk.internal.reflect.NativeMethodAccessorImpl.invoke0(Native Method)
	at java.base/jdk.internal.reflect.NativeMethodAccessorImpl.invoke(NativeMethodAccessorImpl.java:62)
	at java.base/jdk.internal.reflect.DelegatingMethodAccessorImpl.invoke(DelegatingMethodAccessorImpl.java:43)
	at java.base/java.lang.reflect.Method.invoke(Method.java:564)
	at com.intuit.karate.core.StepRuntime.execute(StepRuntime.java:280)
	at com.intuit.karate.core.ScenarioRuntime.execute(ScenarioRuntime.java:459)
	at com.intuit.karate.core.ScenarioRuntime.run(ScenarioRuntime.java:402)
	at com.intuit.karate.core.FeatureRuntime.processScenario(FeatureRuntime.java:181)
	at com.intuit.karate.core.FeatureRuntime.access$000(FeatureRuntime.java:43)
	at com.intuit.karate.core.FeatureRuntime$1.process(FeatureRuntime.java:122)
	at com.intuit.karate.core.FeatureRuntime$1.process(FeatureRuntime.java:118)
	at com.intuit.karate.core.ParallelProcessor.lambda$toRunnable$0(ParallelProcessor.java:59)
	at java.base/java.util.concurrent.Executors$RunnableAdapter.call(Executors.java:515)
	at java.base/java.util.concurrent.FutureTask.run(FutureTask.java:264)
	at java.base/java.util.concurrent.ThreadPoolExecutor.runWorker(ThreadPoolExecutor.java:1130)
	at java.base/java.util.concurrent.ThreadPoolExecutor$Worker.run(ThreadPoolExecutor.java:630)
	at java.base/java.lang.Thread.run(Thread.java:832)
16:06:46.417 [pool-1-thread-4] DEBUG karate.io.netty.util.internal.PlatformDependent0 - java.nio.Bits.unaligned: available, true
16:06:46.418 [pool-1-thread-4] DEBUG karate.io.netty.util.internal.PlatformDependent0 - jdk.internal.misc.Unsafe.allocateUninitializedArray(int): unavailable
java.lang.IllegalAccessException: class karate.io.netty.util.internal.PlatformDependent0$6 cannot access class jdk.internal.misc.Unsafe (in module java.base) because module java.base does not export jdk.internal.misc to unnamed module @78f3a86d
	at java.base/jdk.internal.reflect.Reflection.newIllegalAccessException(Reflection.java:376)
	at java.base/java.lang.reflect.AccessibleObject.checkAccess(AccessibleObject.java:647)
	at java.base/java.lang.reflect.Method.invoke(Method.java:556)
	at karate.io.netty.util.internal.PlatformDependent0$6.run(PlatformDependent0.java:353)
	at java.base/java.security.AccessController.doPrivileged(AccessController.java:312)
	at karate.io.netty.util.internal.PlatformDependent0.<clinit>(PlatformDependent0.java:344)
	at karate.io.netty.util.internal.PlatformDependent.isAndroid(PlatformDependent.java:294)
	at karate.io.netty.util.internal.PlatformDependent.<clinit>(PlatformDependent.java:93)
	at karate.io.netty.util.AsciiString.<init>(AsciiString.java:223)
	at karate.io.netty.util.AsciiString.<init>(AsciiString.java:210)
	at karate.io.netty.util.AsciiString.cached(AsciiString.java:1401)
	at karate.io.netty.util.AsciiString.<clinit>(AsciiString.java:48)
	at karate.io.netty.handler.codec.http.HttpResponseStatus.<init>(HttpResponseStatus.java:559)
	at karate.io.netty.handler.codec.http.HttpResponseStatus.newStatus(HttpResponseStatus.java:326)
	at karate.io.netty.handler.codec.http.HttpResponseStatus.<clinit>(HttpResponseStatus.java:39)
	at com.intuit.karate.http.HttpUtils.<clinit>(HttpUtils.java:225)
	at com.intuit.karate.http.HttpRequestBuilder.build(HttpRequestBuilder.java:199)
	at com.intuit.karate.core.ScenarioEngine.httpInvokeOnce(ScenarioEngine.java:565)
	at com.intuit.karate.core.ScenarioEngine.httpInvoke(ScenarioEngine.java:545)
	at com.intuit.karate.core.ScenarioEngine.method(ScenarioEngine.java:537)
	at com.intuit.karate.ScenarioActions.method(ScenarioActions.java:248)
	at java.base/jdk.internal.reflect.NativeMethodAccessorImpl.invoke0(Native Method)
	at java.base/jdk.internal.reflect.NativeMethodAccessorImpl.invoke(NativeMethodAccessorImpl.java:62)
	at java.base/jdk.internal.reflect.DelegatingMethodAccessorImpl.invoke(DelegatingMethodAccessorImpl.java:43)
	at java.base/java.lang.reflect.Method.invoke(Method.java:564)
	at com.intuit.karate.core.StepRuntime.execute(StepRuntime.java:280)
	at com.intuit.karate.core.ScenarioRuntime.execute(ScenarioRuntime.java:459)
	at com.intuit.karate.core.ScenarioRuntime.run(ScenarioRuntime.java:402)
	at com.intuit.karate.core.FeatureRuntime.processScenario(FeatureRuntime.java:181)
	at com.intuit.karate.core.FeatureRuntime.access$000(FeatureRuntime.java:43)
	at com.intuit.karate.core.FeatureRuntime$1.process(FeatureRuntime.java:122)
	at com.intuit.karate.core.FeatureRuntime$1.process(FeatureRuntime.java:118)
	at com.intuit.karate.core.ParallelProcessor.lambda$toRunnable$0(ParallelProcessor.java:59)
	at java.base/java.util.concurrent.Executors$RunnableAdapter.call(Executors.java:515)
	at java.base/java.util.concurrent.FutureTask.run(FutureTask.java:264)
	at java.base/java.util.concurrent.ThreadPoolExecutor.runWorker(ThreadPoolExecutor.java:1130)
	at java.base/java.util.concurrent.ThreadPoolExecutor$Worker.run(ThreadPoolExecutor.java:630)
	at java.base/java.lang.Thread.run(Thread.java:832)
16:06:46.420 [pool-1-thread-4] DEBUG karate.io.netty.util.internal.PlatformDependent0 - java.nio.DirectByteBuffer.<init>(long, int): unavailable
16:06:46.420 [pool-1-thread-4] DEBUG karate.io.netty.util.internal.PlatformDependent - sun.misc.Unsafe: available
16:06:46.420 [pool-1-thread-4] DEBUG karate.io.netty.util.internal.PlatformDependent - maxDirectMemory: 536870912 bytes (maybe)
16:06:46.421 [pool-1-thread-4] DEBUG karate.io.netty.util.internal.PlatformDependent - -Dio.netty.tmpdir: C:\Users\abustos\AppData\Local\Temp (java.io.tmpdir)
16:06:46.421 [pool-1-thread-4] DEBUG karate.io.netty.util.internal.PlatformDependent - -Dio.netty.bitMode: 64 (sun.arch.data.model)
16:06:46.422 [pool-1-thread-4] DEBUG karate.io.netty.util.internal.PlatformDependent - -Dio.netty.maxDirectMemory: -1 bytes
16:06:46.422 [pool-1-thread-4] DEBUG karate.io.netty.util.internal.PlatformDependent - -Dio.netty.uninitializedArrayAllocationThreshold: -1
16:06:46.423 [pool-1-thread-4] DEBUG karate.io.netty.util.internal.CleanerJava9 - java.nio.ByteBuffer.cleaner(): available
16:06:46.423 [pool-1-thread-4] DEBUG karate.io.netty.util.internal.PlatformDependent - -Dio.netty.noPreferDirect: false
16:06:46.598 [pool-1-thread-3] DEBUG karate.org.apache.http.client.protocol.RequestAddCookies - CookieSpec selected: karate
16:06:46.598 [pool-1-thread-5] DEBUG karate.org.apache.http.client.protocol.RequestAddCookies - CookieSpec selected: karate
16:06:46.598 [pool-1-thread-1] DEBUG karate.org.apache.http.client.protocol.RequestAddCookies - CookieSpec selected: karate
16:06:46.598 [pool-1-thread-2] DEBUG karate.org.apache.http.client.protocol.RequestAddCookies - CookieSpec selected: karate
16:06:46.598 [pool-1-thread-4] DEBUG karate.org.apache.http.client.protocol.RequestAddCookies - CookieSpec selected: karate
16:06:46.604 [pool-1-thread-1] DEBUG karate.org.apache.http.client.protocol.RequestAuthCache - Auth cache not set in the context
16:06:46.604 [pool-1-thread-5] DEBUG karate.org.apache.http.client.protocol.RequestAuthCache - Auth cache not set in the context
16:06:46.604 [pool-1-thread-2] DEBUG karate.org.apache.http.client.protocol.RequestAuthCache - Auth cache not set in the context
16:06:46.604 [pool-1-thread-3] DEBUG karate.org.apache.http.client.protocol.RequestAuthCache - Auth cache not set in the context
16:06:46.604 [pool-1-thread-4] DEBUG karate.org.apache.http.client.protocol.RequestAuthCache - Auth cache not set in the context
16:06:46.606 [pool-1-thread-1] DEBUG com.intuit.karate - request:
1 > POST https://api-m.sandbox.paypal.com/v1/oauth2/token
1 > Content-Type: application/x-www-form-urlencoded; charset=UTF-8
1 > Authorization: Basic QWVnbDBncWVrOWZLQWdpNXBxcVhJTFR1X1FEUDhvVWt5UlVQSk9OZU9VZkhUWFFSa2F5MTFnUHRnYU12WG1LeDRPMkVoMDNHLVZXZTJodFg6RU1KcVdPbTJQWk0zMklSbkdZZWhrTEQxMWc2NUFoeUVCdFpUVDhiZWx2b20wQldnNm9tcGV4eWd4YjNDZU9LS3ZxZGVidkJQWE9WTmU3ZzQ=
1 > Content-Length: 29
1 > Host: api-m.sandbox.paypal.com
1 > Connection: Keep-Alive
1 > User-Agent: Apache-HttpClient/4.5.13 (Java/14)
1 > Accept-Encoding: gzip,deflate
grant_type=client_credentials

16:06:46.606 [pool-1-thread-4] DEBUG com.intuit.karate - request:
1 > POST https://api-m.sandbox.paypal.com/v1/oauth2/token
1 > Content-Type: application/x-www-form-urlencoded; charset=UTF-8
1 > Authorization: Basic QWVnbDBncWVrOWZLQWdpNXBxcVhJTFR1X1FEUDhvVWt5UlVQSk9OZU9VZkhUWFFSa2F5MTFnUHRnYU12WG1LeDRPMkVoMDNHLVZXZTJodFg6RU1KcVdPbTJQWk0zMklSbkdZZWhrTEQxMWc2NUFoeUVCdFpUVDhiZWx2b20wQldnNm9tcGV4eWd4YjNDZU9LS3ZxZGVidkJQWE9WTmU3ZzQ=
1 > Content-Length: 29
1 > Host: api-m.sandbox.paypal.com
1 > Connection: Keep-Alive
1 > User-Agent: Apache-HttpClient/4.5.13 (Java/14)
1 > Accept-Encoding: gzip,deflate
grant_type=client_credentials

16:06:46.606 [pool-1-thread-3] DEBUG com.intuit.karate - request:
1 > POST https://api-m.sandbox.paypal.com/v1/oauth2/token
1 > Content-Type: application/x-www-form-urlencoded; charset=UTF-8
1 > Authorization: Basic QWVnbDBncWVrOWZLQWdpNXBxcVhJTFR1X1FEUDhvVWt5UlVQSk9OZU9VZkhUWFFSa2F5MTFnUHRnYU12WG1LeDRPMkVoMDNHLVZXZTJodFg6RU1KcVdPbTJQWk0zMklSbkdZZWhrTEQxMWc2NUFoeUVCdFpUVDhiZWx2b20wQldnNm9tcGV4eWd4YjNDZU9LS3ZxZGVidkJQWE9WTmU3ZzQ=
1 > Content-Length: 29
1 > Host: api-m.sandbox.paypal.com
1 > Connection: Keep-Alive
1 > User-Agent: Apache-HttpClient/4.5.13 (Java/14)
1 > Accept-Encoding: gzip,deflate
grant_type=client_credentials

16:06:46.606 [pool-1-thread-5] DEBUG com.intuit.karate - request:
1 > POST https://api-m.sandbox.paypal.com/v1/oauth2/token
1 > Content-Type: application/x-www-form-urlencoded; charset=UTF-8
1 > Authorization: Basic QWVnbDBncWVrOWZLQWdpNXBxcVhJTFR1X1FEUDhvVWt5UlVQSk9OZU9VZkhUWFFSa2F5MTFnUHRnYU12WG1LeDRPMkVoMDNHLVZXZTJodFg6RU1KcVdPbTJQWk0zMklSbkdZZWhrTEQxMWc2NUFoeUVCdFpUVDhiZWx2b20wQldnNm9tcGV4eWd4YjNDZU9LS3ZxZGVidkJQWE9WTmU3ZzQ=
1 > Content-Length: 29
1 > Host: api-m.sandbox.paypal.com
1 > Connection: Keep-Alive
1 > User-Agent: Apache-HttpClient/4.5.13 (Java/14)
1 > Accept-Encoding: gzip,deflate
grant_type=client_credentials

16:06:46.606 [pool-1-thread-2] DEBUG com.intuit.karate - request:
1 > POST https://api-m.sandbox.paypal.com/v1/oauth2/token
1 > Content-Type: application/x-www-form-urlencoded; charset=UTF-8
1 > Authorization: Basic QWVnbDBncWVrOWZLQWdpNXBxcVhJTFR1X1FEUDhvVWt5UlVQSk9OZU9VZkhUWFFSa2F5MTFnUHRnYU12WG1LeDRPMkVoMDNHLVZXZTJodFg6RU1KcVdPbTJQWk0zMklSbkdZZWhrTEQxMWc2NUFoeUVCdFpUVDhiZWx2b20wQldnNm9tcGV4eWd4YjNDZU9LS3ZxZGVidkJQWE9WTmU3ZzQ=
1 > Content-Length: 29
1 > Host: api-m.sandbox.paypal.com
1 > Connection: Keep-Alive
1 > User-Agent: Apache-HttpClient/4.5.13 (Java/14)
1 > Accept-Encoding: gzip,deflate
grant_type=client_credentials

16:06:46.608 [pool-1-thread-1] DEBUG karate.org.apache.http.impl.conn.PoolingHttpClientConnectionManager - Connection request: [route: {s}->https://api-m.sandbox.paypal.com:443][total available: 0; route allocated: 0 of 5; total allocated: 0 of 10]
16:06:46.608 [pool-1-thread-4] DEBUG karate.org.apache.http.impl.conn.PoolingHttpClientConnectionManager - Connection request: [route: {s}->https://api-m.sandbox.paypal.com:443][total available: 0; route allocated: 0 of 5; total allocated: 0 of 10]
16:06:46.608 [pool-1-thread-3] DEBUG karate.org.apache.http.impl.conn.PoolingHttpClientConnectionManager - Connection request: [route: {s}->https://api-m.sandbox.paypal.com:443][total available: 0; route allocated: 0 of 5; total allocated: 0 of 10]
16:06:46.608 [pool-1-thread-2] DEBUG karate.org.apache.http.impl.conn.PoolingHttpClientConnectionManager - Connection request: [route: {s}->https://api-m.sandbox.paypal.com:443][total available: 0; route allocated: 0 of 5; total allocated: 0 of 10]
16:06:46.608 [pool-1-thread-5] DEBUG karate.org.apache.http.impl.conn.PoolingHttpClientConnectionManager - Connection request: [route: {s}->https://api-m.sandbox.paypal.com:443][total available: 0; route allocated: 0 of 5; total allocated: 0 of 10]
16:06:46.616 [pool-1-thread-3] DEBUG karate.org.apache.http.impl.conn.PoolingHttpClientConnectionManager - Connection leased: [id: 2][route: {s}->https://api-m.sandbox.paypal.com:443][total available: 0; route allocated: 1 of 5; total allocated: 1 of 10]
16:06:46.616 [pool-1-thread-4] DEBUG karate.org.apache.http.impl.conn.PoolingHttpClientConnectionManager - Connection leased: [id: 4][route: {s}->https://api-m.sandbox.paypal.com:443][total available: 0; route allocated: 1 of 5; total allocated: 1 of 10]
16:06:46.616 [pool-1-thread-2] DEBUG karate.org.apache.http.impl.conn.PoolingHttpClientConnectionManager - Connection leased: [id: 0][route: {s}->https://api-m.sandbox.paypal.com:443][total available: 0; route allocated: 1 of 5; total allocated: 1 of 10]
16:06:46.616 [pool-1-thread-1] DEBUG karate.org.apache.http.impl.conn.PoolingHttpClientConnectionManager - Connection leased: [id: 3][route: {s}->https://api-m.sandbox.paypal.com:443][total available: 0; route allocated: 1 of 5; total allocated: 1 of 10]
16:06:46.616 [pool-1-thread-5] DEBUG karate.org.apache.http.impl.conn.PoolingHttpClientConnectionManager - Connection leased: [id: 1][route: {s}->https://api-m.sandbox.paypal.com:443][total available: 0; route allocated: 1 of 5; total allocated: 1 of 10]
16:06:46.617 [pool-1-thread-1] DEBUG karate.org.apache.http.impl.execchain.MainClientExec - Opening connection {s}->https://api-m.sandbox.paypal.com:443
16:06:46.617 [pool-1-thread-3] DEBUG karate.org.apache.http.impl.execchain.MainClientExec - Opening connection {s}->https://api-m.sandbox.paypal.com:443
16:06:46.617 [pool-1-thread-5] DEBUG karate.org.apache.http.impl.execchain.MainClientExec - Opening connection {s}->https://api-m.sandbox.paypal.com:443
16:06:46.617 [pool-1-thread-2] DEBUG karate.org.apache.http.impl.execchain.MainClientExec - Opening connection {s}->https://api-m.sandbox.paypal.com:443
16:06:46.617 [pool-1-thread-4] DEBUG karate.org.apache.http.impl.execchain.MainClientExec - Opening connection {s}->https://api-m.sandbox.paypal.com:443
16:06:46.623 [pool-1-thread-3] DEBUG karate.org.apache.http.impl.conn.DefaultHttpClientConnectionOperator - Connecting to api-m.sandbox.paypal.com/151.101.65.35:443
16:06:46.623 [pool-1-thread-4] DEBUG karate.org.apache.http.impl.conn.DefaultHttpClientConnectionOperator - Connecting to api-m.sandbox.paypal.com/151.101.65.35:443
16:06:46.623 [pool-1-thread-2] DEBUG karate.org.apache.http.impl.conn.DefaultHttpClientConnectionOperator - Connecting to api-m.sandbox.paypal.com/151.101.65.35:443
16:06:46.623 [pool-1-thread-1] DEBUG karate.org.apache.http.impl.conn.DefaultHttpClientConnectionOperator - Connecting to api-m.sandbox.paypal.com/151.101.65.35:443
16:06:46.623 [pool-1-thread-5] DEBUG karate.org.apache.http.impl.conn.DefaultHttpClientConnectionOperator - Connecting to api-m.sandbox.paypal.com/151.101.65.35:443
16:06:46.623 [pool-1-thread-3] DEBUG karate.org.apache.http.conn.ssl.SSLConnectionSocketFactory - Connecting socket to api-m.sandbox.paypal.com/151.101.65.35:443 with timeout 30000
16:06:46.623 [pool-1-thread-4] DEBUG karate.org.apache.http.conn.ssl.SSLConnectionSocketFactory - Connecting socket to api-m.sandbox.paypal.com/151.101.65.35:443 with timeout 30000
16:06:46.623 [pool-1-thread-2] DEBUG karate.org.apache.http.conn.ssl.SSLConnectionSocketFactory - Connecting socket to api-m.sandbox.paypal.com/151.101.65.35:443 with timeout 30000
16:06:46.623 [pool-1-thread-1] DEBUG karate.org.apache.http.conn.ssl.SSLConnectionSocketFactory - Connecting socket to api-m.sandbox.paypal.com/151.101.65.35:443 with timeout 30000
16:06:46.623 [pool-1-thread-5] DEBUG karate.org.apache.http.conn.ssl.SSLConnectionSocketFactory - Connecting socket to api-m.sandbox.paypal.com/151.101.65.35:443 with timeout 30000
16:06:46.680 [pool-1-thread-1] DEBUG karate.org.apache.http.conn.ssl.SSLConnectionSocketFactory - Enabled protocols: [TLSv1.3, TLSv1.2, TLSv1.1, TLSv1]
16:06:46.682 [pool-1-thread-4] DEBUG karate.org.apache.http.conn.ssl.SSLConnectionSocketFactory - Enabled protocols: [TLSv1.3, TLSv1.2, TLSv1.1, TLSv1]
16:06:46.680 [pool-1-thread-3] DEBUG karate.org.apache.http.conn.ssl.SSLConnectionSocketFactory - Enabled protocols: [TLSv1.3, TLSv1.2, TLSv1.1, TLSv1]
16:06:46.680 [pool-1-thread-2] DEBUG karate.org.apache.http.conn.ssl.SSLConnectionSocketFactory - Enabled protocols: [TLSv1.3, TLSv1.2, TLSv1.1, TLSv1]
16:06:46.682 [pool-1-thread-3] DEBUG karate.org.apache.http.conn.ssl.SSLConnectionSocketFactory - Enabled cipher suites:[TLS_AES_256_GCM_SHA384, TLS_AES_128_GCM_SHA256, TLS_CHACHA20_POLY1305_SHA256, TLS_ECDHE_ECDSA_WITH_AES_256_GCM_SHA384, TLS_ECDHE_ECDSA_WITH_AES_128_GCM_SHA256, TLS_ECDHE_ECDSA_WITH_CHACHA20_POLY1305_SHA256, TLS_ECDHE_RSA_WITH_AES_256_GCM_SHA384, TLS_ECDHE_RSA_WITH_CHACHA20_POLY1305_SHA256, TLS_ECDHE_RSA_WITH_AES_128_GCM_SHA256, TLS_DHE_RSA_WITH_AES_256_GCM_SHA384, TLS_DHE_RSA_WITH_CHACHA20_POLY1305_SHA256, TLS_DHE_DSS_WITH_AES_256_GCM_SHA384, TLS_DHE_RSA_WITH_AES_128_GCM_SHA256, TLS_DHE_DSS_WITH_AES_128_GCM_SHA256, TLS_ECDHE_ECDSA_WITH_AES_256_CBC_SHA384, TLS_ECDHE_RSA_WITH_AES_256_CBC_SHA384, TLS_ECDHE_ECDSA_WITH_AES_128_CBC_SHA256, TLS_ECDHE_RSA_WITH_AES_128_CBC_SHA256, TLS_DHE_RSA_WITH_AES_256_CBC_SHA256, TLS_DHE_DSS_WITH_AES_256_CBC_SHA256, TLS_DHE_RSA_WITH_AES_128_CBC_SHA256, TLS_DHE_DSS_WITH_AES_128_CBC_SHA256, TLS_ECDH_ECDSA_WITH_AES_256_GCM_SHA384, TLS_ECDH_RSA_WITH_AES_256_GCM_SHA384, TLS_ECDH_ECDSA_WITH_AES_128_GCM_SHA256, TLS_ECDH_RSA_WITH_AES_128_GCM_SHA256, TLS_ECDH_ECDSA_WITH_AES_256_CBC_SHA384, TLS_ECDH_RSA_WITH_AES_256_CBC_SHA384, TLS_ECDH_ECDSA_WITH_AES_128_CBC_SHA256, TLS_ECDH_RSA_WITH_AES_128_CBC_SHA256, TLS_ECDHE_ECDSA_WITH_AES_256_CBC_SHA, TLS_ECDHE_RSA_WITH_AES_256_CBC_SHA, TLS_ECDHE_ECDSA_WITH_AES_128_CBC_SHA, TLS_ECDHE_RSA_WITH_AES_128_CBC_SHA, TLS_DHE_RSA_WITH_AES_256_CBC_SHA, TLS_DHE_DSS_WITH_AES_256_CBC_SHA, TLS_DHE_RSA_WITH_AES_128_CBC_SHA, TLS_DHE_DSS_WITH_AES_128_CBC_SHA, TLS_ECDH_ECDSA_WITH_AES_256_CBC_SHA, TLS_ECDH_RSA_WITH_AES_256_CBC_SHA, TLS_ECDH_ECDSA_WITH_AES_128_CBC_SHA, TLS_ECDH_RSA_WITH_AES_128_CBC_SHA, TLS_RSA_WITH_AES_256_GCM_SHA384, TLS_RSA_WITH_AES_128_GCM_SHA256, TLS_RSA_WITH_AES_256_CBC_SHA256, TLS_RSA_WITH_AES_128_CBC_SHA256, TLS_RSA_WITH_AES_256_CBC_SHA, TLS_RSA_WITH_AES_128_CBC_SHA, TLS_EMPTY_RENEGOTIATION_INFO_SCSV]
16:06:46.682 [pool-1-thread-5] DEBUG karate.org.apache.http.conn.ssl.SSLConnectionSocketFactory - Enabled protocols: [TLSv1.3, TLSv1.2, TLSv1.1, TLSv1]
16:06:46.682 [pool-1-thread-1] DEBUG karate.org.apache.http.conn.ssl.SSLConnectionSocketFactory - Enabled cipher suites:[TLS_AES_256_GCM_SHA384, TLS_AES_128_GCM_SHA256, TLS_CHACHA20_POLY1305_SHA256, TLS_ECDHE_ECDSA_WITH_AES_256_GCM_SHA384, TLS_ECDHE_ECDSA_WITH_AES_128_GCM_SHA256, TLS_ECDHE_ECDSA_WITH_CHACHA20_POLY1305_SHA256, TLS_ECDHE_RSA_WITH_AES_256_GCM_SHA384, TLS_ECDHE_RSA_WITH_CHACHA20_POLY1305_SHA256, TLS_ECDHE_RSA_WITH_AES_128_GCM_SHA256, TLS_DHE_RSA_WITH_AES_256_GCM_SHA384, TLS_DHE_RSA_WITH_CHACHA20_POLY1305_SHA256, TLS_DHE_DSS_WITH_AES_256_GCM_SHA384, TLS_DHE_RSA_WITH_AES_128_GCM_SHA256, TLS_DHE_DSS_WITH_AES_128_GCM_SHA256, TLS_ECDHE_ECDSA_WITH_AES_256_CBC_SHA384, TLS_ECDHE_RSA_WITH_AES_256_CBC_SHA384, TLS_ECDHE_ECDSA_WITH_AES_128_CBC_SHA256, TLS_ECDHE_RSA_WITH_AES_128_CBC_SHA256, TLS_DHE_RSA_WITH_AES_256_CBC_SHA256, TLS_DHE_DSS_WITH_AES_256_CBC_SHA256, TLS_DHE_RSA_WITH_AES_128_CBC_SHA256, TLS_DHE_DSS_WITH_AES_128_CBC_SHA256, TLS_ECDH_ECDSA_WITH_AES_256_GCM_SHA384, TLS_ECDH_RSA_WITH_AES_256_GCM_SHA384, TLS_ECDH_ECDSA_WITH_AES_128_GCM_SHA256, TLS_ECDH_RSA_WITH_AES_128_GCM_SHA256, TLS_ECDH_ECDSA_WITH_AES_256_CBC_SHA384, TLS_ECDH_RSA_WITH_AES_256_CBC_SHA384, TLS_ECDH_ECDSA_WITH_AES_128_CBC_SHA256, TLS_ECDH_RSA_WITH_AES_128_CBC_SHA256, TLS_ECDHE_ECDSA_WITH_AES_256_CBC_SHA, TLS_ECDHE_RSA_WITH_AES_256_CBC_SHA, TLS_ECDHE_ECDSA_WITH_AES_128_CBC_SHA, TLS_ECDHE_RSA_WITH_AES_128_CBC_SHA, TLS_DHE_RSA_WITH_AES_256_CBC_SHA, TLS_DHE_DSS_WITH_AES_256_CBC_SHA, TLS_DHE_RSA_WITH_AES_128_CBC_SHA, TLS_DHE_DSS_WITH_AES_128_CBC_SHA, TLS_ECDH_ECDSA_WITH_AES_256_CBC_SHA, TLS_ECDH_RSA_WITH_AES_256_CBC_SHA, TLS_ECDH_ECDSA_WITH_AES_128_CBC_SHA, TLS_ECDH_RSA_WITH_AES_128_CBC_SHA, TLS_RSA_WITH_AES_256_GCM_SHA384, TLS_RSA_WITH_AES_128_GCM_SHA256, TLS_RSA_WITH_AES_256_CBC_SHA256, TLS_RSA_WITH_AES_128_CBC_SHA256, TLS_RSA_WITH_AES_256_CBC_SHA, TLS_RSA_WITH_AES_128_CBC_SHA, TLS_EMPTY_RENEGOTIATION_INFO_SCSV]
16:06:46.682 [pool-1-thread-4] DEBUG karate.org.apache.http.conn.ssl.SSLConnectionSocketFactory - Enabled cipher suites:[TLS_AES_256_GCM_SHA384, TLS_AES_128_GCM_SHA256, TLS_CHACHA20_POLY1305_SHA256, TLS_ECDHE_ECDSA_WITH_AES_256_GCM_SHA384, TLS_ECDHE_ECDSA_WITH_AES_128_GCM_SHA256, TLS_ECDHE_ECDSA_WITH_CHACHA20_POLY1305_SHA256, TLS_ECDHE_RSA_WITH_AES_256_GCM_SHA384, TLS_ECDHE_RSA_WITH_CHACHA20_POLY1305_SHA256, TLS_ECDHE_RSA_WITH_AES_128_GCM_SHA256, TLS_DHE_RSA_WITH_AES_256_GCM_SHA384, TLS_DHE_RSA_WITH_CHACHA20_POLY1305_SHA256, TLS_DHE_DSS_WITH_AES_256_GCM_SHA384, TLS_DHE_RSA_WITH_AES_128_GCM_SHA256, TLS_DHE_DSS_WITH_AES_128_GCM_SHA256, TLS_ECDHE_ECDSA_WITH_AES_256_CBC_SHA384, TLS_ECDHE_RSA_WITH_AES_256_CBC_SHA384, TLS_ECDHE_ECDSA_WITH_AES_128_CBC_SHA256, TLS_ECDHE_RSA_WITH_AES_128_CBC_SHA256, TLS_DHE_RSA_WITH_AES_256_CBC_SHA256, TLS_DHE_DSS_WITH_AES_256_CBC_SHA256, TLS_DHE_RSA_WITH_AES_128_CBC_SHA256, TLS_DHE_DSS_WITH_AES_128_CBC_SHA256, TLS_ECDH_ECDSA_WITH_AES_256_GCM_SHA384, TLS_ECDH_RSA_WITH_AES_256_GCM_SHA384, TLS_ECDH_ECDSA_WITH_AES_128_GCM_SHA256, TLS_ECDH_RSA_WITH_AES_128_GCM_SHA256, TLS_ECDH_ECDSA_WITH_AES_256_CBC_SHA384, TLS_ECDH_RSA_WITH_AES_256_CBC_SHA384, TLS_ECDH_ECDSA_WITH_AES_128_CBC_SHA256, TLS_ECDH_RSA_WITH_AES_128_CBC_SHA256, TLS_ECDHE_ECDSA_WITH_AES_256_CBC_SHA, TLS_ECDHE_RSA_WITH_AES_256_CBC_SHA, TLS_ECDHE_ECDSA_WITH_AES_128_CBC_SHA, TLS_ECDHE_RSA_WITH_AES_128_CBC_SHA, TLS_DHE_RSA_WITH_AES_256_CBC_SHA, TLS_DHE_DSS_WITH_AES_256_CBC_SHA, TLS_DHE_RSA_WITH_AES_128_CBC_SHA, TLS_DHE_DSS_WITH_AES_128_CBC_SHA, TLS_ECDH_ECDSA_WITH_AES_256_CBC_SHA, TLS_ECDH_RSA_WITH_AES_256_CBC_SHA, TLS_ECDH_ECDSA_WITH_AES_128_CBC_SHA, TLS_ECDH_RSA_WITH_AES_128_CBC_SHA, TLS_RSA_WITH_AES_256_GCM_SHA384, TLS_RSA_WITH_AES_128_GCM_SHA256, TLS_RSA_WITH_AES_256_CBC_SHA256, TLS_RSA_WITH_AES_128_CBC_SHA256, TLS_RSA_WITH_AES_256_CBC_SHA, TLS_RSA_WITH_AES_128_CBC_SHA, TLS_EMPTY_RENEGOTIATION_INFO_SCSV]
16:06:46.682 [pool-1-thread-2] DEBUG karate.org.apache.http.conn.ssl.SSLConnectionSocketFactory - Enabled cipher suites:[TLS_AES_256_GCM_SHA384, TLS_AES_128_GCM_SHA256, TLS_CHACHA20_POLY1305_SHA256, TLS_ECDHE_ECDSA_WITH_AES_256_GCM_SHA384, TLS_ECDHE_ECDSA_WITH_AES_128_GCM_SHA256, TLS_ECDHE_ECDSA_WITH_CHACHA20_POLY1305_SHA256, TLS_ECDHE_RSA_WITH_AES_256_GCM_SHA384, TLS_ECDHE_RSA_WITH_CHACHA20_POLY1305_SHA256, TLS_ECDHE_RSA_WITH_AES_128_GCM_SHA256, TLS_DHE_RSA_WITH_AES_256_GCM_SHA384, TLS_DHE_RSA_WITH_CHACHA20_POLY1305_SHA256, TLS_DHE_DSS_WITH_AES_256_GCM_SHA384, TLS_DHE_RSA_WITH_AES_128_GCM_SHA256, TLS_DHE_DSS_WITH_AES_128_GCM_SHA256, TLS_ECDHE_ECDSA_WITH_AES_256_CBC_SHA384, TLS_ECDHE_RSA_WITH_AES_256_CBC_SHA384, TLS_ECDHE_ECDSA_WITH_AES_128_CBC_SHA256, TLS_ECDHE_RSA_WITH_AES_128_CBC_SHA256, TLS_DHE_RSA_WITH_AES_256_CBC_SHA256, TLS_DHE_DSS_WITH_AES_256_CBC_SHA256, TLS_DHE_RSA_WITH_AES_128_CBC_SHA256, TLS_DHE_DSS_WITH_AES_128_CBC_SHA256, TLS_ECDH_ECDSA_WITH_AES_256_GCM_SHA384, TLS_ECDH_RSA_WITH_AES_256_GCM_SHA384, TLS_ECDH_ECDSA_WITH_AES_128_GCM_SHA256, TLS_ECDH_RSA_WITH_AES_128_GCM_SHA256, TLS_ECDH_ECDSA_WITH_AES_256_CBC_SHA384, TLS_ECDH_RSA_WITH_AES_256_CBC_SHA384, TLS_ECDH_ECDSA_WITH_AES_128_CBC_SHA256, TLS_ECDH_RSA_WITH_AES_128_CBC_SHA256, TLS_ECDHE_ECDSA_WITH_AES_256_CBC_SHA, TLS_ECDHE_RSA_WITH_AES_256_CBC_SHA, TLS_ECDHE_ECDSA_WITH_AES_128_CBC_SHA, TLS_ECDHE_RSA_WITH_AES_128_CBC_SHA, TLS_DHE_RSA_WITH_AES_256_CBC_SHA, TLS_DHE_DSS_WITH_AES_256_CBC_SHA, TLS_DHE_RSA_WITH_AES_128_CBC_SHA, TLS_DHE_DSS_WITH_AES_128_CBC_SHA, TLS_ECDH_ECDSA_WITH_AES_256_CBC_SHA, TLS_ECDH_RSA_WITH_AES_256_CBC_SHA, TLS_ECDH_ECDSA_WITH_AES_128_CBC_SHA, TLS_ECDH_RSA_WITH_AES_128_CBC_SHA, TLS_RSA_WITH_AES_256_GCM_SHA384, TLS_RSA_WITH_AES_128_GCM_SHA256, TLS_RSA_WITH_AES_256_CBC_SHA256, TLS_RSA_WITH_AES_128_CBC_SHA256, TLS_RSA_WITH_AES_256_CBC_SHA, TLS_RSA_WITH_AES_128_CBC_SHA, TLS_EMPTY_RENEGOTIATION_INFO_SCSV]
16:06:46.682 [pool-1-thread-3] DEBUG karate.org.apache.http.conn.ssl.SSLConnectionSocketFactory - Starting handshake
16:06:46.682 [pool-1-thread-5] DEBUG karate.org.apache.http.conn.ssl.SSLConnectionSocketFactory - Enabled cipher suites:[TLS_AES_256_GCM_SHA384, TLS_AES_128_GCM_SHA256, TLS_CHACHA20_POLY1305_SHA256, TLS_ECDHE_ECDSA_WITH_AES_256_GCM_SHA384, TLS_ECDHE_ECDSA_WITH_AES_128_GCM_SHA256, TLS_ECDHE_ECDSA_WITH_CHACHA20_POLY1305_SHA256, TLS_ECDHE_RSA_WITH_AES_256_GCM_SHA384, TLS_ECDHE_RSA_WITH_CHACHA20_POLY1305_SHA256, TLS_ECDHE_RSA_WITH_AES_128_GCM_SHA256, TLS_DHE_RSA_WITH_AES_256_GCM_SHA384, TLS_DHE_RSA_WITH_CHACHA20_POLY1305_SHA256, TLS_DHE_DSS_WITH_AES_256_GCM_SHA384, TLS_DHE_RSA_WITH_AES_128_GCM_SHA256, TLS_DHE_DSS_WITH_AES_128_GCM_SHA256, TLS_ECDHE_ECDSA_WITH_AES_256_CBC_SHA384, TLS_ECDHE_RSA_WITH_AES_256_CBC_SHA384, TLS_ECDHE_ECDSA_WITH_AES_128_CBC_SHA256, TLS_ECDHE_RSA_WITH_AES_128_CBC_SHA256, TLS_DHE_RSA_WITH_AES_256_CBC_SHA256, TLS_DHE_DSS_WITH_AES_256_CBC_SHA256, TLS_DHE_RSA_WITH_AES_128_CBC_SHA256, TLS_DHE_DSS_WITH_AES_128_CBC_SHA256, TLS_ECDH_ECDSA_WITH_AES_256_GCM_SHA384, TLS_ECDH_RSA_WITH_AES_256_GCM_SHA384, TLS_ECDH_ECDSA_WITH_AES_128_GCM_SHA256, TLS_ECDH_RSA_WITH_AES_128_GCM_SHA256, TLS_ECDH_ECDSA_WITH_AES_256_CBC_SHA384, TLS_ECDH_RSA_WITH_AES_256_CBC_SHA384, TLS_ECDH_ECDSA_WITH_AES_128_CBC_SHA256, TLS_ECDH_RSA_WITH_AES_128_CBC_SHA256, TLS_ECDHE_ECDSA_WITH_AES_256_CBC_SHA, TLS_ECDHE_RSA_WITH_AES_256_CBC_SHA, TLS_ECDHE_ECDSA_WITH_AES_128_CBC_SHA, TLS_ECDHE_RSA_WITH_AES_128_CBC_SHA, TLS_DHE_RSA_WITH_AES_256_CBC_SHA, TLS_DHE_DSS_WITH_AES_256_CBC_SHA, TLS_DHE_RSA_WITH_AES_128_CBC_SHA, TLS_DHE_DSS_WITH_AES_128_CBC_SHA, TLS_ECDH_ECDSA_WITH_AES_256_CBC_SHA, TLS_ECDH_RSA_WITH_AES_256_CBC_SHA, TLS_ECDH_ECDSA_WITH_AES_128_CBC_SHA, TLS_ECDH_RSA_WITH_AES_128_CBC_SHA, TLS_RSA_WITH_AES_256_GCM_SHA384, TLS_RSA_WITH_AES_128_GCM_SHA256, TLS_RSA_WITH_AES_256_CBC_SHA256, TLS_RSA_WITH_AES_128_CBC_SHA256, TLS_RSA_WITH_AES_256_CBC_SHA, TLS_RSA_WITH_AES_128_CBC_SHA, TLS_EMPTY_RENEGOTIATION_INFO_SCSV]
16:06:46.682 [pool-1-thread-1] DEBUG karate.org.apache.http.conn.ssl.SSLConnectionSocketFactory - Starting handshake
16:06:46.682 [pool-1-thread-4] DEBUG karate.org.apache.http.conn.ssl.SSLConnectionSocketFactory - Starting handshake
16:06:46.682 [pool-1-thread-2] DEBUG karate.org.apache.http.conn.ssl.SSLConnectionSocketFactory - Starting handshake
16:06:46.682 [pool-1-thread-5] DEBUG karate.org.apache.http.conn.ssl.SSLConnectionSocketFactory - Starting handshake
16:06:46.842 [pool-1-thread-2] DEBUG karate.org.apache.http.conn.ssl.SSLConnectionSocketFactory - Secure session established
16:06:46.842 [pool-1-thread-3] DEBUG karate.org.apache.http.conn.ssl.SSLConnectionSocketFactory - Secure session established
16:06:46.842 [pool-1-thread-4] DEBUG karate.org.apache.http.conn.ssl.SSLConnectionSocketFactory - Secure session established
16:06:46.842 [pool-1-thread-2] DEBUG karate.org.apache.http.conn.ssl.SSLConnectionSocketFactory -  negotiated protocol: TLSv1.3
16:06:46.842 [pool-1-thread-3] DEBUG karate.org.apache.http.conn.ssl.SSLConnectionSocketFactory -  negotiated protocol: TLSv1.3
16:06:46.842 [pool-1-thread-5] DEBUG karate.org.apache.http.conn.ssl.SSLConnectionSocketFactory - Secure session established
16:06:46.842 [pool-1-thread-4] DEBUG karate.org.apache.http.conn.ssl.SSLConnectionSocketFactory -  negotiated protocol: TLSv1.3
16:06:46.842 [pool-1-thread-2] DEBUG karate.org.apache.http.conn.ssl.SSLConnectionSocketFactory -  negotiated cipher suite: TLS_AES_256_GCM_SHA384
16:06:46.842 [pool-1-thread-1] DEBUG karate.org.apache.http.conn.ssl.SSLConnectionSocketFactory - Secure session established
16:06:46.842 [pool-1-thread-3] DEBUG karate.org.apache.http.conn.ssl.SSLConnectionSocketFactory -  negotiated cipher suite: TLS_AES_256_GCM_SHA384
16:06:46.842 [pool-1-thread-5] DEBUG karate.org.apache.http.conn.ssl.SSLConnectionSocketFactory -  negotiated protocol: TLSv1.3
16:06:46.842 [pool-1-thread-5] DEBUG karate.org.apache.http.conn.ssl.SSLConnectionSocketFactory -  negotiated cipher suite: TLS_AES_256_GCM_SHA384
16:06:46.842 [pool-1-thread-4] DEBUG karate.org.apache.http.conn.ssl.SSLConnectionSocketFactory -  negotiated cipher suite: TLS_AES_256_GCM_SHA384
16:06:46.842 [pool-1-thread-1] DEBUG karate.org.apache.http.conn.ssl.SSLConnectionSocketFactory -  negotiated protocol: TLSv1.3
16:06:46.842 [pool-1-thread-1] DEBUG karate.org.apache.http.conn.ssl.SSLConnectionSocketFactory -  negotiated cipher suite: TLS_AES_256_GCM_SHA384
16:06:46.842 [pool-1-thread-2] DEBUG karate.org.apache.http.conn.ssl.SSLConnectionSocketFactory -  peer principal: CN=www.sandbox.paypal.com, O="PayPal, Inc.", L=San Jose, ST=California, C=US, SERIALNUMBER=3014267, OID.1.3.6.1.4.1.311.60.2.1.2=Delaware, OID.1.3.6.1.4.1.311.60.2.1.3=US, OID.2.5.4.15=Private Organization
16:06:46.842 [pool-1-thread-3] DEBUG karate.org.apache.http.conn.ssl.SSLConnectionSocketFactory -  peer principal: CN=www.sandbox.paypal.com, O="PayPal, Inc.", L=San Jose, ST=California, C=US, SERIALNUMBER=3014267, OID.1.3.6.1.4.1.311.60.2.1.2=Delaware, OID.1.3.6.1.4.1.311.60.2.1.3=US, OID.2.5.4.15=Private Organization
16:06:46.843 [pool-1-thread-2] DEBUG karate.org.apache.http.conn.ssl.SSLConnectionSocketFactory -  peer alternative names: [www.sandbox.paypal.com, api-s.sandbox.paypal.com, id.sandbox.hyperwallet.com, id.sandbox.zettle.com, securepayments-v2.sandbox.paypal.com, securepayments.sandbox.paypal.com, www-v2.sandbox.paypal.com, www-v1.sandbox.paypal.com, business.sandbox.paypal.com, pics.sandbox.paypal.com, c-v2.sandbox.paypal.com, cors.api-v2.sandbox.paypal.com, id.sandbox.venmo.com, ipnpb-v2.sandbox.paypal.com, id.sandbox.xoom.com, c.sandbox.paypal.com, api-m.sandbox.paypal.com, sandbox.paypal.com, cors.api.sandbox.paypal.com, ipnpb.sandbox.paypal.com, id.sandbox.braintreegateway.com, api-m-v2.sandbox.paypal.com, id.sandbox.joinhoney.com, id.sandbox.paypal.com, api-s-v2.sandbox.paypal.com, business-v2.sandbox.paypal.com, pics-v2.sandbox.paypal.com]
16:06:46.843 [pool-1-thread-3] DEBUG karate.org.apache.http.conn.ssl.SSLConnectionSocketFactory -  peer alternative names: [www.sandbox.paypal.com, api-s.sandbox.paypal.com, id.sandbox.hyperwallet.com, id.sandbox.zettle.com, securepayments-v2.sandbox.paypal.com, securepayments.sandbox.paypal.com, www-v2.sandbox.paypal.com, www-v1.sandbox.paypal.com, business.sandbox.paypal.com, pics.sandbox.paypal.com, c-v2.sandbox.paypal.com, cors.api-v2.sandbox.paypal.com, id.sandbox.venmo.com, ipnpb-v2.sandbox.paypal.com, id.sandbox.xoom.com, c.sandbox.paypal.com, api-m.sandbox.paypal.com, sandbox.paypal.com, cors.api.sandbox.paypal.com, ipnpb.sandbox.paypal.com, id.sandbox.braintreegateway.com, api-m-v2.sandbox.paypal.com, id.sandbox.joinhoney.com, id.sandbox.paypal.com, api-s-v2.sandbox.paypal.com, business-v2.sandbox.paypal.com, pics-v2.sandbox.paypal.com]
16:06:46.843 [pool-1-thread-5] DEBUG karate.org.apache.http.conn.ssl.SSLConnectionSocketFactory -  peer principal: CN=www.sandbox.paypal.com, O="PayPal, Inc.", L=San Jose, ST=California, C=US, SERIALNUMBER=3014267, OID.1.3.6.1.4.1.311.60.2.1.2=Delaware, OID.1.3.6.1.4.1.311.60.2.1.3=US, OID.2.5.4.15=Private Organization
16:06:46.843 [pool-1-thread-2] DEBUG karate.org.apache.http.conn.ssl.SSLConnectionSocketFactory -  issuer principal: CN=DigiCert SHA2 Extended Validation Server CA, OU=www.digicert.com, O=DigiCert Inc, C=US
16:06:46.843 [pool-1-thread-3] DEBUG karate.org.apache.http.conn.ssl.SSLConnectionSocketFactory -  issuer principal: CN=DigiCert SHA2 Extended Validation Server CA, OU=www.digicert.com, O=DigiCert Inc, C=US
16:06:46.843 [pool-1-thread-5] DEBUG karate.org.apache.http.conn.ssl.SSLConnectionSocketFactory -  peer alternative names: [www.sandbox.paypal.com, api-s.sandbox.paypal.com, id.sandbox.hyperwallet.com, id.sandbox.zettle.com, securepayments-v2.sandbox.paypal.com, securepayments.sandbox.paypal.com, www-v2.sandbox.paypal.com, www-v1.sandbox.paypal.com, business.sandbox.paypal.com, pics.sandbox.paypal.com, c-v2.sandbox.paypal.com, cors.api-v2.sandbox.paypal.com, id.sandbox.venmo.com, ipnpb-v2.sandbox.paypal.com, id.sandbox.xoom.com, c.sandbox.paypal.com, api-m.sandbox.paypal.com, sandbox.paypal.com, cors.api.sandbox.paypal.com, ipnpb.sandbox.paypal.com, id.sandbox.braintreegateway.com, api-m-v2.sandbox.paypal.com, id.sandbox.joinhoney.com, id.sandbox.paypal.com, api-s-v2.sandbox.paypal.com, business-v2.sandbox.paypal.com, pics-v2.sandbox.paypal.com]
16:06:46.843 [pool-1-thread-1] DEBUG karate.org.apache.http.conn.ssl.SSLConnectionSocketFactory -  peer principal: CN=www.sandbox.paypal.com, O="PayPal, Inc.", L=San Jose, ST=California, C=US, SERIALNUMBER=3014267, OID.1.3.6.1.4.1.311.60.2.1.2=Delaware, OID.1.3.6.1.4.1.311.60.2.1.3=US, OID.2.5.4.15=Private Organization
16:06:46.844 [pool-1-thread-1] DEBUG karate.org.apache.http.conn.ssl.SSLConnectionSocketFactory -  peer alternative names: [www.sandbox.paypal.com, api-s.sandbox.paypal.com, id.sandbox.hyperwallet.com, id.sandbox.zettle.com, securepayments-v2.sandbox.paypal.com, securepayments.sandbox.paypal.com, www-v2.sandbox.paypal.com, www-v1.sandbox.paypal.com, business.sandbox.paypal.com, pics.sandbox.paypal.com, c-v2.sandbox.paypal.com, cors.api-v2.sandbox.paypal.com, id.sandbox.venmo.com, ipnpb-v2.sandbox.paypal.com, id.sandbox.xoom.com, c.sandbox.paypal.com, api-m.sandbox.paypal.com, sandbox.paypal.com, cors.api.sandbox.paypal.com, ipnpb.sandbox.paypal.com, id.sandbox.braintreegateway.com, api-m-v2.sandbox.paypal.com, id.sandbox.joinhoney.com, id.sandbox.paypal.com, api-s-v2.sandbox.paypal.com, business-v2.sandbox.paypal.com, pics-v2.sandbox.paypal.com]
16:06:46.844 [pool-1-thread-4] DEBUG karate.org.apache.http.conn.ssl.SSLConnectionSocketFactory -  peer principal: CN=www.sandbox.paypal.com, O="PayPal, Inc.", L=San Jose, ST=California, C=US, SERIALNUMBER=3014267, OID.1.3.6.1.4.1.311.60.2.1.2=Delaware, OID.1.3.6.1.4.1.311.60.2.1.3=US, OID.2.5.4.15=Private Organization
16:06:46.844 [pool-1-thread-5] DEBUG karate.org.apache.http.conn.ssl.SSLConnectionSocketFactory -  issuer principal: CN=DigiCert SHA2 Extended Validation Server CA, OU=www.digicert.com, O=DigiCert Inc, C=US
16:06:46.844 [pool-1-thread-1] DEBUG karate.org.apache.http.conn.ssl.SSLConnectionSocketFactory -  issuer principal: CN=DigiCert SHA2 Extended Validation Server CA, OU=www.digicert.com, O=DigiCert Inc, C=US
16:06:46.844 [pool-1-thread-4] DEBUG karate.org.apache.http.conn.ssl.SSLConnectionSocketFactory -  peer alternative names: [www.sandbox.paypal.com, api-s.sandbox.paypal.com, id.sandbox.hyperwallet.com, id.sandbox.zettle.com, securepayments-v2.sandbox.paypal.com, securepayments.sandbox.paypal.com, www-v2.sandbox.paypal.com, www-v1.sandbox.paypal.com, business.sandbox.paypal.com, pics.sandbox.paypal.com, c-v2.sandbox.paypal.com, cors.api-v2.sandbox.paypal.com, id.sandbox.venmo.com, ipnpb-v2.sandbox.paypal.com, id.sandbox.xoom.com, c.sandbox.paypal.com, api-m.sandbox.paypal.com, sandbox.paypal.com, cors.api.sandbox.paypal.com, ipnpb.sandbox.paypal.com, id.sandbox.braintreegateway.com, api-m-v2.sandbox.paypal.com, id.sandbox.joinhoney.com, id.sandbox.paypal.com, api-s-v2.sandbox.paypal.com, business-v2.sandbox.paypal.com, pics-v2.sandbox.paypal.com]
16:06:46.845 [pool-1-thread-4] DEBUG karate.org.apache.http.conn.ssl.SSLConnectionSocketFactory -  issuer principal: CN=DigiCert SHA2 Extended Validation Server CA, OU=www.digicert.com, O=DigiCert Inc, C=US
16:06:46.847 [pool-1-thread-5] DEBUG karate.org.apache.http.impl.conn.DefaultHttpClientConnectionOperator - Connection established 192.168.10.10:56147<->151.101.65.35:443
16:06:46.847 [pool-1-thread-3] DEBUG karate.org.apache.http.impl.conn.DefaultHttpClientConnectionOperator - Connection established 192.168.10.10:56148<->151.101.65.35:443
16:06:46.847 [pool-1-thread-4] DEBUG karate.org.apache.http.impl.conn.DefaultHttpClientConnectionOperator - Connection established 192.168.10.10:56151<->151.101.65.35:443
16:06:46.847 [pool-1-thread-2] DEBUG karate.org.apache.http.impl.conn.DefaultHttpClientConnectionOperator - Connection established 192.168.10.10:56150<->151.101.65.35:443
16:06:46.847 [pool-1-thread-1] DEBUG karate.org.apache.http.impl.conn.DefaultHttpClientConnectionOperator - Connection established 192.168.10.10:56149<->151.101.65.35:443
16:06:46.847 [pool-1-thread-5] DEBUG karate.org.apache.http.impl.conn.DefaultManagedHttpClientConnection - http-outgoing-0: set socket timeout to 30000
16:06:46.847 [pool-1-thread-3] DEBUG karate.org.apache.http.impl.conn.DefaultManagedHttpClientConnection - http-outgoing-3: set socket timeout to 30000
16:06:46.847 [pool-1-thread-4] DEBUG karate.org.apache.http.impl.conn.DefaultManagedHttpClientConnection - http-outgoing-2: set socket timeout to 30000
16:06:46.847 [pool-1-thread-5] DEBUG karate.org.apache.http.impl.execchain.MainClientExec - Executing request POST /v1/oauth2/token HTTP/1.1
16:06:46.847 [pool-1-thread-2] DEBUG karate.org.apache.http.impl.conn.DefaultManagedHttpClientConnection - http-outgoing-1: set socket timeout to 30000
16:06:46.847 [pool-1-thread-1] DEBUG karate.org.apache.http.impl.conn.DefaultManagedHttpClientConnection - http-outgoing-4: set socket timeout to 30000
16:06:46.847 [pool-1-thread-3] DEBUG karate.org.apache.http.impl.execchain.MainClientExec - Executing request POST /v1/oauth2/token HTTP/1.1
16:06:46.847 [pool-1-thread-4] DEBUG karate.org.apache.http.impl.execchain.MainClientExec - Executing request POST /v1/oauth2/token HTTP/1.1
16:06:46.847 [pool-1-thread-5] DEBUG karate.org.apache.http.impl.execchain.MainClientExec - Proxy auth state: UNCHALLENGED
16:06:46.847 [pool-1-thread-2] DEBUG karate.org.apache.http.impl.execchain.MainClientExec - Executing request POST /v1/oauth2/token HTTP/1.1
16:06:46.847 [pool-1-thread-1] DEBUG karate.org.apache.http.impl.execchain.MainClientExec - Executing request POST /v1/oauth2/token HTTP/1.1
16:06:46.847 [pool-1-thread-3] DEBUG karate.org.apache.http.impl.execchain.MainClientExec - Proxy auth state: UNCHALLENGED
16:06:46.847 [pool-1-thread-4] DEBUG karate.org.apache.http.impl.execchain.MainClientExec - Proxy auth state: UNCHALLENGED
16:06:46.847 [pool-1-thread-2] DEBUG karate.org.apache.http.impl.execchain.MainClientExec - Proxy auth state: UNCHALLENGED
16:06:46.847 [pool-1-thread-1] DEBUG karate.org.apache.http.impl.execchain.MainClientExec - Proxy auth state: UNCHALLENGED
16:06:46.849 [pool-1-thread-1] DEBUG karate.org.apache.http.headers - http-outgoing-4 >> POST /v1/oauth2/token HTTP/1.1
16:06:46.849 [pool-1-thread-2] DEBUG karate.org.apache.http.headers - http-outgoing-1 >> POST /v1/oauth2/token HTTP/1.1
16:06:46.849 [pool-1-thread-1] DEBUG karate.org.apache.http.headers - http-outgoing-4 >> Content-Type: application/x-www-form-urlencoded; charset=UTF-8
16:06:46.849 [pool-1-thread-5] DEBUG karate.org.apache.http.headers - http-outgoing-0 >> POST /v1/oauth2/token HTTP/1.1
16:06:46.849 [pool-1-thread-4] DEBUG karate.org.apache.http.headers - http-outgoing-2 >> POST /v1/oauth2/token HTTP/1.1
16:06:46.849 [pool-1-thread-1] DEBUG karate.org.apache.http.headers - http-outgoing-4 >> Authorization: Basic QWVnbDBncWVrOWZLQWdpNXBxcVhJTFR1X1FEUDhvVWt5UlVQSk9OZU9VZkhUWFFSa2F5MTFnUHRnYU12WG1LeDRPMkVoMDNHLVZXZTJodFg6RU1KcVdPbTJQWk0zMklSbkdZZWhrTEQxMWc2NUFoeUVCdFpUVDhiZWx2b20wQldnNm9tcGV4eWd4YjNDZU9LS3ZxZGVidkJQWE9WTmU3ZzQ=
16:06:46.849 [pool-1-thread-2] DEBUG karate.org.apache.http.headers - http-outgoing-1 >> Content-Type: application/x-www-form-urlencoded; charset=UTF-8
16:06:46.849 [pool-1-thread-4] DEBUG karate.org.apache.http.headers - http-outgoing-2 >> Content-Type: application/x-www-form-urlencoded; charset=UTF-8
16:06:46.849 [pool-1-thread-2] DEBUG karate.org.apache.http.headers - http-outgoing-1 >> Authorization: Basic QWVnbDBncWVrOWZLQWdpNXBxcVhJTFR1X1FEUDhvVWt5UlVQSk9OZU9VZkhUWFFSa2F5MTFnUHRnYU12WG1LeDRPMkVoMDNHLVZXZTJodFg6RU1KcVdPbTJQWk0zMklSbkdZZWhrTEQxMWc2NUFoeUVCdFpUVDhiZWx2b20wQldnNm9tcGV4eWd4YjNDZU9LS3ZxZGVidkJQWE9WTmU3ZzQ=
16:06:46.849 [pool-1-thread-4] DEBUG karate.org.apache.http.headers - http-outgoing-2 >> Authorization: Basic QWVnbDBncWVrOWZLQWdpNXBxcVhJTFR1X1FEUDhvVWt5UlVQSk9OZU9VZkhUWFFSa2F5MTFnUHRnYU12WG1LeDRPMkVoMDNHLVZXZTJodFg6RU1KcVdPbTJQWk0zMklSbkdZZWhrTEQxMWc2NUFoeUVCdFpUVDhiZWx2b20wQldnNm9tcGV4eWd4YjNDZU9LS3ZxZGVidkJQWE9WTmU3ZzQ=
16:06:46.849 [pool-1-thread-5] DEBUG karate.org.apache.http.headers - http-outgoing-0 >> Content-Type: application/x-www-form-urlencoded; charset=UTF-8
16:06:46.849 [pool-1-thread-3] DEBUG karate.org.apache.http.headers - http-outgoing-3 >> POST /v1/oauth2/token HTTP/1.1
16:06:46.849 [pool-1-thread-1] DEBUG karate.org.apache.http.headers - http-outgoing-4 >> Content-Length: 29
16:06:46.849 [pool-1-thread-2] DEBUG karate.org.apache.http.headers - http-outgoing-1 >> Content-Length: 29
16:06:46.849 [pool-1-thread-1] DEBUG karate.org.apache.http.headers - http-outgoing-4 >> Host: api-m.sandbox.paypal.com
16:06:46.849 [pool-1-thread-2] DEBUG karate.org.apache.http.headers - http-outgoing-1 >> Host: api-m.sandbox.paypal.com
16:06:46.849 [pool-1-thread-4] DEBUG karate.org.apache.http.headers - http-outgoing-2 >> Content-Length: 29
16:06:46.849 [pool-1-thread-5] DEBUG karate.org.apache.http.headers - http-outgoing-0 >> Authorization: Basic QWVnbDBncWVrOWZLQWdpNXBxcVhJTFR1X1FEUDhvVWt5UlVQSk9OZU9VZkhUWFFSa2F5MTFnUHRnYU12WG1LeDRPMkVoMDNHLVZXZTJodFg6RU1KcVdPbTJQWk0zMklSbkdZZWhrTEQxMWc2NUFoeUVCdFpUVDhiZWx2b20wQldnNm9tcGV4eWd4YjNDZU9LS3ZxZGVidkJQWE9WTmU3ZzQ=
16:06:46.849 [pool-1-thread-3] DEBUG karate.org.apache.http.headers - http-outgoing-3 >> Content-Type: application/x-www-form-urlencoded; charset=UTF-8
16:06:46.849 [pool-1-thread-1] DEBUG karate.org.apache.http.headers - http-outgoing-4 >> Connection: Keep-Alive
16:06:46.849 [pool-1-thread-3] DEBUG karate.org.apache.http.headers - http-outgoing-3 >> Authorization: Basic QWVnbDBncWVrOWZLQWdpNXBxcVhJTFR1X1FEUDhvVWt5UlVQSk9OZU9VZkhUWFFSa2F5MTFnUHRnYU12WG1LeDRPMkVoMDNHLVZXZTJodFg6RU1KcVdPbTJQWk0zMklSbkdZZWhrTEQxMWc2NUFoeUVCdFpUVDhiZWx2b20wQldnNm9tcGV4eWd4YjNDZU9LS3ZxZGVidkJQWE9WTmU3ZzQ=
16:06:46.849 [pool-1-thread-1] DEBUG karate.org.apache.http.headers - http-outgoing-4 >> User-Agent: Apache-HttpClient/4.5.13 (Java/14)
16:06:46.849 [pool-1-thread-2] DEBUG karate.org.apache.http.headers - http-outgoing-1 >> Connection: Keep-Alive
16:06:46.849 [pool-1-thread-4] DEBUG karate.org.apache.http.headers - http-outgoing-2 >> Host: api-m.sandbox.paypal.com
16:06:46.849 [pool-1-thread-5] DEBUG karate.org.apache.http.headers - http-outgoing-0 >> Content-Length: 29
16:06:46.849 [pool-1-thread-3] DEBUG karate.org.apache.http.headers - http-outgoing-3 >> Content-Length: 29
16:06:46.849 [pool-1-thread-1] DEBUG karate.org.apache.http.headers - http-outgoing-4 >> Accept-Encoding: gzip,deflate
16:06:46.849 [pool-1-thread-2] DEBUG karate.org.apache.http.headers - http-outgoing-1 >> User-Agent: Apache-HttpClient/4.5.13 (Java/14)
16:06:46.849 [pool-1-thread-4] DEBUG karate.org.apache.http.headers - http-outgoing-2 >> Connection: Keep-Alive
16:06:46.849 [pool-1-thread-5] DEBUG karate.org.apache.http.headers - http-outgoing-0 >> Host: api-m.sandbox.paypal.com
16:06:46.849 [pool-1-thread-3] DEBUG karate.org.apache.http.headers - http-outgoing-3 >> Host: api-m.sandbox.paypal.com
16:06:46.849 [pool-1-thread-2] DEBUG karate.org.apache.http.headers - http-outgoing-1 >> Accept-Encoding: gzip,deflate
16:06:46.849 [pool-1-thread-1] DEBUG karate.org.apache.http.wire - http-outgoing-4 >> "POST /v1/oauth2/token HTTP/1.1[\r][\n]"
16:06:46.849 [pool-1-thread-4] DEBUG karate.org.apache.http.headers - http-outgoing-2 >> User-Agent: Apache-HttpClient/4.5.13 (Java/14)
16:06:46.849 [pool-1-thread-5] DEBUG karate.org.apache.http.headers - http-outgoing-0 >> Connection: Keep-Alive
16:06:46.849 [pool-1-thread-3] DEBUG karate.org.apache.http.headers - http-outgoing-3 >> Connection: Keep-Alive
16:06:46.849 [pool-1-thread-1] DEBUG karate.org.apache.http.wire - http-outgoing-4 >> "Content-Type: application/x-www-form-urlencoded; charset=UTF-8[\r][\n]"
16:06:46.849 [pool-1-thread-3] DEBUG karate.org.apache.http.headers - http-outgoing-3 >> User-Agent: Apache-HttpClient/4.5.13 (Java/14)
16:06:46.849 [pool-1-thread-2] DEBUG karate.org.apache.http.wire - http-outgoing-1 >> "POST /v1/oauth2/token HTTP/1.1[\r][\n]"
16:06:46.849 [pool-1-thread-4] DEBUG karate.org.apache.http.headers - http-outgoing-2 >> Accept-Encoding: gzip,deflate
16:06:46.849 [pool-1-thread-5] DEBUG karate.org.apache.http.headers - http-outgoing-0 >> User-Agent: Apache-HttpClient/4.5.13 (Java/14)
16:06:46.849 [pool-1-thread-4] DEBUG karate.org.apache.http.wire - http-outgoing-2 >> "POST /v1/oauth2/token HTTP/1.1[\r][\n]"
16:06:46.849 [pool-1-thread-5] DEBUG karate.org.apache.http.headers - http-outgoing-0 >> Accept-Encoding: gzip,deflate
16:06:46.849 [pool-1-thread-4] DEBUG karate.org.apache.http.wire - http-outgoing-2 >> "Content-Type: application/x-www-form-urlencoded; charset=UTF-8[\r][\n]"
16:06:46.849 [pool-1-thread-3] DEBUG karate.org.apache.http.headers - http-outgoing-3 >> Accept-Encoding: gzip,deflate
16:06:46.849 [pool-1-thread-4] DEBUG karate.org.apache.http.wire - http-outgoing-2 >> "Authorization: Basic QWVnbDBncWVrOWZLQWdpNXBxcVhJTFR1X1FEUDhvVWt5UlVQSk9OZU9VZkhUWFFSa2F5MTFnUHRnYU12WG1LeDRPMkVoMDNHLVZXZTJodFg6RU1KcVdPbTJQWk0zMklSbkdZZWhrTEQxMWc2NUFoeUVCdFpUVDhiZWx2b20wQldnNm9tcGV4eWd4YjNDZU9LS3ZxZGVidkJQWE9WTmU3ZzQ=[\r][\n]"
16:06:46.849 [pool-1-thread-3] DEBUG karate.org.apache.http.wire - http-outgoing-3 >> "POST /v1/oauth2/token HTTP/1.1[\r][\n]"
16:06:46.849 [pool-1-thread-3] DEBUG karate.org.apache.http.wire - http-outgoing-3 >> "Content-Type: application/x-www-form-urlencoded; charset=UTF-8[\r][\n]"
16:06:46.849 [pool-1-thread-1] DEBUG karate.org.apache.http.wire - http-outgoing-4 >> "Authorization: Basic QWVnbDBncWVrOWZLQWdpNXBxcVhJTFR1X1FEUDhvVWt5UlVQSk9OZU9VZkhUWFFSa2F5MTFnUHRnYU12WG1LeDRPMkVoMDNHLVZXZTJodFg6RU1KcVdPbTJQWk0zMklSbkdZZWhrTEQxMWc2NUFoeUVCdFpUVDhiZWx2b20wQldnNm9tcGV4eWd4YjNDZU9LS3ZxZGVidkJQWE9WTmU3ZzQ=[\r][\n]"
16:06:46.849 [pool-1-thread-2] DEBUG karate.org.apache.http.wire - http-outgoing-1 >> "Content-Type: application/x-www-form-urlencoded; charset=UTF-8[\r][\n]"
16:06:46.849 [pool-1-thread-5] DEBUG karate.org.apache.http.wire - http-outgoing-0 >> "POST /v1/oauth2/token HTTP/1.1[\r][\n]"
16:06:46.849 [pool-1-thread-2] DEBUG karate.org.apache.http.wire - http-outgoing-1 >> "Authorization: Basic QWVnbDBncWVrOWZLQWdpNXBxcVhJTFR1X1FEUDhvVWt5UlVQSk9OZU9VZkhUWFFSa2F5MTFnUHRnYU12WG1LeDRPMkVoMDNHLVZXZTJodFg6RU1KcVdPbTJQWk0zMklSbkdZZWhrTEQxMWc2NUFoeUVCdFpUVDhiZWx2b20wQldnNm9tcGV4eWd4YjNDZU9LS3ZxZGVidkJQWE9WTmU3ZzQ=[\r][\n]"
16:06:46.849 [pool-1-thread-5] DEBUG karate.org.apache.http.wire - http-outgoing-0 >> "Content-Type: application/x-www-form-urlencoded; charset=UTF-8[\r][\n]"
16:06:46.849 [pool-1-thread-4] DEBUG karate.org.apache.http.wire - http-outgoing-2 >> "Content-Length: 29[\r][\n]"
16:06:46.849 [pool-1-thread-5] DEBUG karate.org.apache.http.wire - http-outgoing-0 >> "Authorization: Basic QWVnbDBncWVrOWZLQWdpNXBxcVhJTFR1X1FEUDhvVWt5UlVQSk9OZU9VZkhUWFFSa2F5MTFnUHRnYU12WG1LeDRPMkVoMDNHLVZXZTJodFg6RU1KcVdPbTJQWk0zMklSbkdZZWhrTEQxMWc2NUFoeUVCdFpUVDhiZWx2b20wQldnNm9tcGV4eWd4YjNDZU9LS3ZxZGVidkJQWE9WTmU3ZzQ=[\r][\n]"
16:06:46.849 [pool-1-thread-4] DEBUG karate.org.apache.http.wire - http-outgoing-2 >> "Host: api-m.sandbox.paypal.com[\r][\n]"
16:06:46.849 [pool-1-thread-3] DEBUG karate.org.apache.http.wire - http-outgoing-3 >> "Authorization: Basic QWVnbDBncWVrOWZLQWdpNXBxcVhJTFR1X1FEUDhvVWt5UlVQSk9OZU9VZkhUWFFSa2F5MTFnUHRnYU12WG1LeDRPMkVoMDNHLVZXZTJodFg6RU1KcVdPbTJQWk0zMklSbkdZZWhrTEQxMWc2NUFoeUVCdFpUVDhiZWx2b20wQldnNm9tcGV4eWd4YjNDZU9LS3ZxZGVidkJQWE9WTmU3ZzQ=[\r][\n]"
16:06:46.849 [pool-1-thread-1] DEBUG karate.org.apache.http.wire - http-outgoing-4 >> "Content-Length: 29[\r][\n]"
16:06:46.849 [pool-1-thread-2] DEBUG karate.org.apache.http.wire - http-outgoing-1 >> "Content-Length: 29[\r][\n]"
16:06:46.849 [pool-1-thread-5] DEBUG karate.org.apache.http.wire - http-outgoing-0 >> "Content-Length: 29[\r][\n]"
16:06:46.849 [pool-1-thread-4] DEBUG karate.org.apache.http.wire - http-outgoing-2 >> "Connection: Keep-Alive[\r][\n]"
16:06:46.849 [pool-1-thread-3] DEBUG karate.org.apache.http.wire - http-outgoing-3 >> "Content-Length: 29[\r][\n]"
16:06:46.849 [pool-1-thread-1] DEBUG karate.org.apache.http.wire - http-outgoing-4 >> "Host: api-m.sandbox.paypal.com[\r][\n]"
16:06:46.849 [pool-1-thread-3] DEBUG karate.org.apache.http.wire - http-outgoing-3 >> "Host: api-m.sandbox.paypal.com[\r][\n]"
16:06:46.849 [pool-1-thread-2] DEBUG karate.org.apache.http.wire - http-outgoing-1 >> "Host: api-m.sandbox.paypal.com[\r][\n]"
16:06:46.849 [pool-1-thread-5] DEBUG karate.org.apache.http.wire - http-outgoing-0 >> "Host: api-m.sandbox.paypal.com[\r][\n]"
16:06:46.849 [pool-1-thread-4] DEBUG karate.org.apache.http.wire - http-outgoing-2 >> "User-Agent: Apache-HttpClient/4.5.13 (Java/14)[\r][\n]"
16:06:46.849 [pool-1-thread-1] DEBUG karate.org.apache.http.wire - http-outgoing-4 >> "Connection: Keep-Alive[\r][\n]"
16:06:46.849 [pool-1-thread-3] DEBUG karate.org.apache.http.wire - http-outgoing-3 >> "Connection: Keep-Alive[\r][\n]"
16:06:46.849 [pool-1-thread-2] DEBUG karate.org.apache.http.wire - http-outgoing-1 >> "Connection: Keep-Alive[\r][\n]"
16:06:46.849 [pool-1-thread-5] DEBUG karate.org.apache.http.wire - http-outgoing-0 >> "Connection: Keep-Alive[\r][\n]"
16:06:46.849 [pool-1-thread-4] DEBUG karate.org.apache.http.wire - http-outgoing-2 >> "Accept-Encoding: gzip,deflate[\r][\n]"
16:06:46.849 [pool-1-thread-1] DEBUG karate.org.apache.http.wire - http-outgoing-4 >> "User-Agent: Apache-HttpClient/4.5.13 (Java/14)[\r][\n]"
16:06:46.849 [pool-1-thread-3] DEBUG karate.org.apache.http.wire - http-outgoing-3 >> "User-Agent: Apache-HttpClient/4.5.13 (Java/14)[\r][\n]"
16:06:46.849 [pool-1-thread-1] DEBUG karate.org.apache.http.wire - http-outgoing-4 >> "Accept-Encoding: gzip,deflate[\r][\n]"
16:06:46.849 [pool-1-thread-3] DEBUG karate.org.apache.http.wire - http-outgoing-3 >> "Accept-Encoding: gzip,deflate[\r][\n]"
16:06:46.849 [pool-1-thread-1] DEBUG karate.org.apache.http.wire - http-outgoing-4 >> "[\r][\n]"
16:06:46.849 [pool-1-thread-3] DEBUG karate.org.apache.http.wire - http-outgoing-3 >> "[\r][\n]"
16:06:46.849 [pool-1-thread-2] DEBUG karate.org.apache.http.wire - http-outgoing-1 >> "User-Agent: Apache-HttpClient/4.5.13 (Java/14)[\r][\n]"
16:06:46.849 [pool-1-thread-3] DEBUG karate.org.apache.http.wire - http-outgoing-3 >> "grant_type=client_credentials"
16:06:46.849 [pool-1-thread-2] DEBUG karate.org.apache.http.wire - http-outgoing-1 >> "Accept-Encoding: gzip,deflate[\r][\n]"
16:06:46.849 [pool-1-thread-5] DEBUG karate.org.apache.http.wire - http-outgoing-0 >> "User-Agent: Apache-HttpClient/4.5.13 (Java/14)[\r][\n]"
16:06:46.849 [pool-1-thread-4] DEBUG karate.org.apache.http.wire - http-outgoing-2 >> "[\r][\n]"
16:06:46.849 [pool-1-thread-1] DEBUG karate.org.apache.http.wire - http-outgoing-4 >> "grant_type=client_credentials"
16:06:46.849 [pool-1-thread-2] DEBUG karate.org.apache.http.wire - http-outgoing-1 >> "[\r][\n]"
16:06:46.849 [pool-1-thread-5] DEBUG karate.org.apache.http.wire - http-outgoing-0 >> "Accept-Encoding: gzip,deflate[\r][\n]"
16:06:46.849 [pool-1-thread-5] DEBUG karate.org.apache.http.wire - http-outgoing-0 >> "[\r][\n]"
16:06:46.849 [pool-1-thread-4] DEBUG karate.org.apache.http.wire - http-outgoing-2 >> "grant_type=client_credentials"
16:06:46.849 [pool-1-thread-2] DEBUG karate.org.apache.http.wire - http-outgoing-1 >> "grant_type=client_credentials"
16:06:46.849 [pool-1-thread-5] DEBUG karate.org.apache.http.wire - http-outgoing-0 >> "grant_type=client_credentials"
16:06:47.662 [pool-1-thread-4] DEBUG karate.org.apache.http.wire - http-outgoing-2 << "HTTP/1.1 200 OK[\r][\n]"
16:06:47.662 [pool-1-thread-1] DEBUG karate.org.apache.http.wire - http-outgoing-4 << "HTTP/1.1 200 OK[\r][\n]"
16:06:47.670 [pool-1-thread-4] DEBUG karate.org.apache.http.wire - http-outgoing-2 << "Connection: keep-alive[\r][\n]"
16:06:47.670 [pool-1-thread-4] DEBUG karate.org.apache.http.wire - http-outgoing-2 << "Content-Type: application/json[\r][\n]"
16:06:47.670 [pool-1-thread-1] DEBUG karate.org.apache.http.wire - http-outgoing-4 << "Connection: keep-alive[\r][\n]"
16:06:47.670 [pool-1-thread-4] DEBUG karate.org.apache.http.wire - http-outgoing-2 << "Server: nginx/1.18.0 (Ubuntu)[\r][\n]"
16:06:47.670 [pool-1-thread-1] DEBUG karate.org.apache.http.wire - http-outgoing-4 << "Content-Type: application/json[\r][\n]"
16:06:47.670 [pool-1-thread-1] DEBUG karate.org.apache.http.wire - http-outgoing-4 << "Server: nginx/1.18.0 (Ubuntu)[\r][\n]"
16:06:47.670 [pool-1-thread-4] DEBUG karate.org.apache.http.wire - http-outgoing-2 << "Cache-Control: max-age=0, no-cache, no-store, must-revalidate[\r][\n]"
16:06:47.670 [pool-1-thread-1] DEBUG karate.org.apache.http.wire - http-outgoing-4 << "Cache-Control: max-age=0, no-cache, no-store, must-revalidate[\r][\n]"
16:06:47.670 [pool-1-thread-4] DEBUG karate.org.apache.http.wire - http-outgoing-2 << "Paypal-Debug-Id: 262d1bf08a2fb[\r][\n]"
16:06:47.670 [pool-1-thread-1] DEBUG karate.org.apache.http.wire - http-outgoing-4 << "Paypal-Debug-Id: c8db3b01d2579[\r][\n]"
16:06:47.670 [pool-1-thread-4] DEBUG karate.org.apache.http.wire - http-outgoing-2 << "Pragma: no-cache[\r][\n]"
16:06:47.670 [pool-1-thread-1] DEBUG karate.org.apache.http.wire - http-outgoing-4 << "Pragma: no-cache[\r][\n]"
16:06:47.670 [pool-1-thread-4] DEBUG karate.org.apache.http.wire - http-outgoing-2 << "X-Paypal-Token-Service: IAAS[\r][\n]"
16:06:47.670 [pool-1-thread-1] DEBUG karate.org.apache.http.wire - http-outgoing-4 << "X-Paypal-Token-Service: IAAS[\r][\n]"
16:06:47.670 [pool-1-thread-4] DEBUG karate.org.apache.http.wire - http-outgoing-2 << "Strict-Transport-Security: max-age=31536000; includeSubDomains[\r][\n]"
16:06:47.670 [pool-1-thread-1] DEBUG karate.org.apache.http.wire - http-outgoing-4 << "Strict-Transport-Security: max-age=31536000; includeSubDomains[\r][\n]"
16:06:47.670 [pool-1-thread-4] DEBUG karate.org.apache.http.wire - http-outgoing-2 << "Accept-Ranges: none[\r][\n]"
16:06:47.670 [pool-1-thread-1] DEBUG karate.org.apache.http.wire - http-outgoing-4 << "Accept-Ranges: none[\r][\n]"
16:06:47.670 [pool-1-thread-4] DEBUG karate.org.apache.http.wire - http-outgoing-2 << "Via: 1.1 varnish, 1.1 varnish[\r][\n]"
16:06:47.670 [pool-1-thread-1] DEBUG karate.org.apache.http.wire - http-outgoing-4 << "Via: 1.1 varnish, 1.1 varnish[\r][\n]"
16:06:47.670 [pool-1-thread-4] DEBUG karate.org.apache.http.wire - http-outgoing-2 << "content-encoding: gzip[\r][\n]"
16:06:47.670 [pool-1-thread-1] DEBUG karate.org.apache.http.wire - http-outgoing-4 << "content-encoding: gzip[\r][\n]"
16:06:47.670 [pool-1-thread-4] DEBUG karate.org.apache.http.wire - http-outgoing-2 << "Edge-Control: max-age=0[\r][\n]"
16:06:47.670 [pool-1-thread-1] DEBUG karate.org.apache.http.wire - http-outgoing-4 << "Edge-Control: max-age=0[\r][\n]"
16:06:47.670 [pool-1-thread-4] DEBUG karate.org.apache.http.wire - http-outgoing-2 << "Date: Wed, 27 Apr 2022 21:07:32 GMT[\r][\n]"
16:06:47.670 [pool-1-thread-1] DEBUG karate.org.apache.http.wire - http-outgoing-4 << "Date: Wed, 27 Apr 2022 21:07:32 GMT[\r][\n]"
16:06:47.670 [pool-1-thread-4] DEBUG karate.org.apache.http.wire - http-outgoing-2 << "X-Served-By: cache-cgh11154-CGH, cache-bog6429-BOG[\r][\n]"
16:06:47.670 [pool-1-thread-1] DEBUG karate.org.apache.http.wire - http-outgoing-4 << "X-Served-By: cache-cgh11182-CGH, cache-bog6429-BOG[\r][\n]"
16:06:47.670 [pool-1-thread-4] DEBUG karate.org.apache.http.wire - http-outgoing-2 << "X-Cache: MISS, MISS[\r][\n]"
16:06:47.670 [pool-1-thread-1] DEBUG karate.org.apache.http.wire - http-outgoing-4 << "X-Cache: MISS, MISS[\r][\n]"
16:06:47.670 [pool-1-thread-4] DEBUG karate.org.apache.http.wire - http-outgoing-2 << "X-Cache-Hits: 0, 0[\r][\n]"
16:06:47.670 [pool-1-thread-1] DEBUG karate.org.apache.http.wire - http-outgoing-4 << "X-Cache-Hits: 0, 0[\r][\n]"
16:06:47.670 [pool-1-thread-4] DEBUG karate.org.apache.http.wire - http-outgoing-2 << "X-Timer: S1651093652.553957,VS0,VE788[\r][\n]"
16:06:47.670 [pool-1-thread-1] DEBUG karate.org.apache.http.wire - http-outgoing-4 << "X-Timer: S1651093652.556027,VS0,VE786[\r][\n]"
16:06:47.670 [pool-1-thread-4] DEBUG karate.org.apache.http.wire - http-outgoing-2 << "Vary: Accept-Encoding[\r][\n]"
16:06:47.670 [pool-1-thread-1] DEBUG karate.org.apache.http.wire - http-outgoing-4 << "Vary: Accept-Encoding[\r][\n]"
16:06:47.670 [pool-1-thread-4] DEBUG karate.org.apache.http.wire - http-outgoing-2 << "transfer-encoding: chunked[\r][\n]"
16:06:47.670 [pool-1-thread-1] DEBUG karate.org.apache.http.wire - http-outgoing-4 << "transfer-encoding: chunked[\r][\n]"
16:06:47.670 [pool-1-thread-4] DEBUG karate.org.apache.http.wire - http-outgoing-2 << "[\r][\n]"
16:06:47.670 [pool-1-thread-1] DEBUG karate.org.apache.http.wire - http-outgoing-4 << "[\r][\n]"
16:06:47.673 [pool-1-thread-4] DEBUG karate.org.apache.http.headers - http-outgoing-2 << HTTP/1.1 200 OK
16:06:47.673 [pool-1-thread-1] DEBUG karate.org.apache.http.headers - http-outgoing-4 << HTTP/1.1 200 OK
16:06:47.673 [pool-1-thread-4] DEBUG karate.org.apache.http.headers - http-outgoing-2 << Connection: keep-alive
16:06:47.673 [pool-1-thread-1] DEBUG karate.org.apache.http.headers - http-outgoing-4 << Connection: keep-alive
16:06:47.673 [pool-1-thread-4] DEBUG karate.org.apache.http.headers - http-outgoing-2 << Content-Type: application/json
16:06:47.673 [pool-1-thread-1] DEBUG karate.org.apache.http.headers - http-outgoing-4 << Content-Type: application/json
16:06:47.673 [pool-1-thread-1] DEBUG karate.org.apache.http.headers - http-outgoing-4 << Server: nginx/1.18.0 (Ubuntu)
16:06:47.673 [pool-1-thread-1] DEBUG karate.org.apache.http.headers - http-outgoing-4 << Cache-Control: max-age=0, no-cache, no-store, must-revalidate
16:06:47.673 [pool-1-thread-1] DEBUG karate.org.apache.http.headers - http-outgoing-4 << Paypal-Debug-Id: c8db3b01d2579
16:06:47.673 [pool-1-thread-1] DEBUG karate.org.apache.http.headers - http-outgoing-4 << Pragma: no-cache
16:06:47.673 [pool-1-thread-4] DEBUG karate.org.apache.http.headers - http-outgoing-2 << Server: nginx/1.18.0 (Ubuntu)
16:06:47.673 [pool-1-thread-1] DEBUG karate.org.apache.http.headers - http-outgoing-4 << X-Paypal-Token-Service: IAAS
16:06:47.673 [pool-1-thread-4] DEBUG karate.org.apache.http.headers - http-outgoing-2 << Cache-Control: max-age=0, no-cache, no-store, must-revalidate
16:06:47.673 [pool-1-thread-1] DEBUG karate.org.apache.http.headers - http-outgoing-4 << Strict-Transport-Security: max-age=31536000; includeSubDomains
16:06:47.673 [pool-1-thread-4] DEBUG karate.org.apache.http.headers - http-outgoing-2 << Paypal-Debug-Id: 262d1bf08a2fb
16:06:47.673 [pool-1-thread-4] DEBUG karate.org.apache.http.headers - http-outgoing-2 << Pragma: no-cache
16:06:47.673 [pool-1-thread-1] DEBUG karate.org.apache.http.headers - http-outgoing-4 << Accept-Ranges: none
16:06:47.673 [pool-1-thread-4] DEBUG karate.org.apache.http.headers - http-outgoing-2 << X-Paypal-Token-Service: IAAS
16:06:47.673 [pool-1-thread-1] DEBUG karate.org.apache.http.headers - http-outgoing-4 << Via: 1.1 varnish, 1.1 varnish
16:06:47.673 [pool-1-thread-4] DEBUG karate.org.apache.http.headers - http-outgoing-2 << Strict-Transport-Security: max-age=31536000; includeSubDomains
16:06:47.673 [pool-1-thread-4] DEBUG karate.org.apache.http.headers - http-outgoing-2 << Accept-Ranges: none
16:06:47.673 [pool-1-thread-1] DEBUG karate.org.apache.http.headers - http-outgoing-4 << content-encoding: gzip
16:06:47.673 [pool-1-thread-4] DEBUG karate.org.apache.http.headers - http-outgoing-2 << Via: 1.1 varnish, 1.1 varnish
16:06:47.673 [pool-1-thread-1] DEBUG karate.org.apache.http.headers - http-outgoing-4 << Edge-Control: max-age=0
16:06:47.673 [pool-1-thread-4] DEBUG karate.org.apache.http.headers - http-outgoing-2 << content-encoding: gzip
16:06:47.673 [pool-1-thread-1] DEBUG karate.org.apache.http.headers - http-outgoing-4 << Date: Wed, 27 Apr 2022 21:07:32 GMT
16:06:47.673 [pool-1-thread-4] DEBUG karate.org.apache.http.headers - http-outgoing-2 << Edge-Control: max-age=0
16:06:47.673 [pool-1-thread-1] DEBUG karate.org.apache.http.headers - http-outgoing-4 << X-Served-By: cache-cgh11182-CGH, cache-bog6429-BOG
16:06:47.673 [pool-1-thread-4] DEBUG karate.org.apache.http.headers - http-outgoing-2 << Date: Wed, 27 Apr 2022 21:07:32 GMT
16:06:47.673 [pool-1-thread-1] DEBUG karate.org.apache.http.headers - http-outgoing-4 << X-Cache: MISS, MISS
16:06:47.673 [pool-1-thread-4] DEBUG karate.org.apache.http.headers - http-outgoing-2 << X-Served-By: cache-cgh11154-CGH, cache-bog6429-BOG
16:06:47.673 [pool-1-thread-1] DEBUG karate.org.apache.http.headers - http-outgoing-4 << X-Cache-Hits: 0, 0
16:06:47.673 [pool-1-thread-4] DEBUG karate.org.apache.http.headers - http-outgoing-2 << X-Cache: MISS, MISS
16:06:47.673 [pool-1-thread-1] DEBUG karate.org.apache.http.headers - http-outgoing-4 << X-Timer: S1651093652.556027,VS0,VE786
16:06:47.673 [pool-1-thread-4] DEBUG karate.org.apache.http.headers - http-outgoing-2 << X-Cache-Hits: 0, 0
16:06:47.673 [pool-1-thread-4] DEBUG karate.org.apache.http.headers - http-outgoing-2 << X-Timer: S1651093652.553957,VS0,VE788
16:06:47.673 [pool-1-thread-4] DEBUG karate.org.apache.http.headers - http-outgoing-2 << Vary: Accept-Encoding
16:06:47.673 [pool-1-thread-1] DEBUG karate.org.apache.http.headers - http-outgoing-4 << Vary: Accept-Encoding
16:06:47.673 [pool-1-thread-4] DEBUG karate.org.apache.http.headers - http-outgoing-2 << transfer-encoding: chunked
16:06:47.673 [pool-1-thread-1] DEBUG karate.org.apache.http.headers - http-outgoing-4 << transfer-encoding: chunked
16:06:47.679 [pool-1-thread-1] DEBUG karate.org.apache.http.impl.execchain.MainClientExec - Connection can be kept alive indefinitely
16:06:47.679 [pool-1-thread-4] DEBUG karate.org.apache.http.impl.execchain.MainClientExec - Connection can be kept alive indefinitely
16:06:47.682 [pool-1-thread-4] DEBUG karate.org.apache.http.wire - http-outgoing-2 << "1ce[\r][\n]"
16:06:47.682 [pool-1-thread-1] DEBUG karate.org.apache.http.wire - http-outgoing-4 << "1ce[\r][\n]"
16:06:47.682 [pool-1-thread-1] DEBUG karate.org.apache.http.wire - http-outgoing-4 << "[0x1f][0x8b][0x8][0x0][0x0][0x0][0x0][0x0][0x4][0x3][0x95][0x93][0xcd]R[0xdb]0[0x14][0x85]_[0x85][0xf1][0xb2][0x83]c[q[0xc0][0xc9][0xce][0xb4][0xd0][0x12][0xc][0xb8][0x81][0x16][0xcc][0xc6][0xa3][0xc8][0x17][[0xd8][0x96][0x14][0xfd][0xd8]I:}[0xf7]:.c[0xa6][0x8b]4[0xb0][0xd3]h[0xce][0xd1]wtu[0xf4][0xcb]R[0x84][0xb][0xb0]fV[0xa1][0xb5]P3[0xc7]1[0x92][0x8e][0x4][0xde][0x8]\[0x8d][0x8][0xaf][0x1d][0x5][0xb2][0xa1][0x4][0x94]CY[0xc3])[0xa1],?:[0xa4][0xcc][0xa8][0x12]Fw[0x16][0x9]8[0xb3][0x97]f[0x3][0xf2][0xa0][0xa7]#[0xd6][0xc0]t[0xef][0xa9]4[0xad][0xe1]u[0xe3][0xa0]q[0x80][0x19][0x91]a[\r][0xb6][0x82][0xaa][0xfa][0x8][0xef][0x95][0xe3]`[0xa3][0xb][0x82][0x85]6[0x12][0x8e][0xba][0x81]0[0x9a][0xbd][0x1f][0xdd][0xdf][0xf3][0xa3]`[0x9][0xcf][0x86][0xbd]A[0xb0][0xf8]g[0xec][0x8d][0xe7]4[0xd8]T[0xda]![0x12]2[0xaa]m[0x82][0xe5][0xff][0xb4][0xc3][0xf8]F[0x9f][0xf6][0xc5][0x1e]$[0xdd][0x82][0x1b][0xad][0x6][0xdd];[0xc8][0xce][0xfe]c[0x87]~[0xa8][0x82][\n]"
16:06:47.682 [pool-1-thread-4] DEBUG karate.org.apache.http.wire - http-outgoing-2 << "[0x1f][0x8b][0x8][0x0][0x0][0x0][0x0][0x0][0x4][0x3][0x95][0x93][0xcd]R[0xdb]0[0x14][0x85]_[0x85][0xf1][0xb2][0x83]c[q[0xc0][0xc9][0xce][0xb4][0xd0][0x12][0xc][0xb8][0x81][0x16][0xcc][0xc6][0xa3][0xc8][0x17][[0xd8][0x96][0x14][0xfd][0xd8]I:}[0xf7]:.c[0xa6][0x8b]4[0xb0][0xd3]h[0xce][0xd1]wtu[0xf4][0xcb]R[0x84][0xb][0xb0]fV[0xa1][0xb5]P3[0xc7]1[0x92][0x8e][0x4][0xde][0x8]\[0x8d][0x8][0xaf][0x1d][0x5][0xb2][0xa1][0x4][0x94]CY[0xc3])[0xa1],?:[0xa4][0xcc][0xa8][0x12]Fw[0x16][0x9]8[0xb3][0x97]f[0x3][0xf2][0xa0][0xa7]#[0xd6][0xc0]t[0xef][0xa9]4[0xad][0xe1]u[0xe3][0xa0]q[0x80][0x19][0x91]a[\r][0xb6][0x82][0xaa][0xfa][0x8][0xef][0x95][0xe3]`[0xa3][0xb][0x82][0x85]6[0x12][0x8e][0xba][0x81]0[0x9a][0xbd][0x1f][0xdd][0xdf][0xf3][0xa3]`[0x9][0xcf][0x86][0xbd]A[0xb0][0xf8]g[0xec][0x8d][0xe7]4[0xd8]T[0xda]![0x12]2[0xaa]m[0x82][0xe5][0xff][0xb4][0xc3][0xf8]F[0x9f][0xf6][0xc5][0x1e]$[0xdd][0x82][0x1b][0xad][0x6][0xdd];[0xc8][0xce][0xfe]c[0x87]~[0xa8][0x82][\n]"
16:06:47.682 [pool-1-thread-1] DEBUG karate.org.apache.http.wire - http-outgoing-4 << "[0xd1][0xd5][0xc3][0xd1][0x12][0x93][0x12][0xe4][0xdf][0xe7]o%[0xd5]0[0xa0][0xf6]uK[0x99][0xa5]"[0x92][\n]"
16:06:47.682 [pool-1-thread-4] DEBUG karate.org.apache.http.wire - http-outgoing-2 << "[0xd1][0xd5][0xc3][0xd1][0x12][0x93][0x12][0xe4][0xdf][0xe7]o%[0xd5]0[0xa0][0xf6]uK[0x99][0xa5]"[0x92][\n]"
16:06:47.682 [pool-1-thread-1] DEBUG karate.org.apache.http.wire - http-outgoing-4 << "M9{[0xb][0xb6]O[0x8d][0x85][0xa8]([0xc1][0xbd][0xd8]iaYp^*[0xeb][0xd8][0xc2][0xa4][0xeb][0xa9]J5/[0x81]u[0x85][0xe][0x91][0x17][0x86]W[0xd1]"[0xba]0/[0xb7][0x9b][0xe4][0xe][0x8a][0xed][0xdd]:[0xc9][0xbe][0xba][0xdb]yks[0xd6][0xac][0xea][0xb3][0xe8]z[0xba][0xa8][0xab][0x1f][0xc1][0xc3][0x9a]O}6[0xb1]Q[0xd3][0x86][0x97][0xe5]t[0xfe]9[0xf1][0xc9][0xe2][0xb]z[0xe][0xce][0xf3][0xab]o[0xb4](/[0x9b]:[0xde][0x96][0xc9][0xb5][0x8b][0x8a]([0xcc][0xe7]y[0xe9][0xad][0xe0][0xb6][0xed][0x90]=+[0xd5][0x9b][0xfe][0x7][0x9d][0x1][0x96] wA[0x84]Hi[0xb6][0x8b][0x10][0xc7]v[0xe0]>[0xa0][0xc0][0xf7][0x83]I<[0xf1][0xa6][0x13]]]>&#x7f;<![CDATA[|[0xdf][0x9]`-[0xa8][0x4][0x95][0xd2].[0xe7][0x18]y[0xa7]'[0xc7][0x16][0xe3][0x8c][0xec][0xbe]!r[0x11][0xb2]][0xdf]F[0xa7][0xf7][0xc8][0x9b][0xb9][0xe3][0x99][0x1f]<[0xc5][0xc9][0xca][0xff][0x9e][0xe3]qrc[0xcf]]S[0xb6]vz>~to~>.[0xd4][0xd2]mN[0xbc][0x2][0xbd][0xd0][0x8b]i[0x16][0x99][0xa7][0xd2][0xfa][0xfd][0x7][0x15][0xfc]s[0xbf][0xd2][0x3][0x0][0x0]"
16:06:47.682 [pool-1-thread-4] DEBUG karate.org.apache.http.wire - http-outgoing-2 << "M9{[0xb][0xb6]O[0x8d][0x85][0xa8]([0xc1][0xbd][0xd8]iaYp^*[0xeb][0xd8][0xc2][0xa4][0xeb][0xa9]J5/[0x81]u[0x85][0xe][0x91][0x17][0x86]W[0xd1]"[0xba]0/[0xb7][0x9b][0xe4][0xe][0x8a][0xed][0xdd]:[0xc9][0xbe][0xba][0xdb]yks[0xd6][0xac][0xea][0xb3][0xe8]z[0xba][0xa8][0xab][0x1f][0xc1][0xc3][0x9a]O}6[0xb1]Q[0xd3][0x86][0x97][0xe5]t[0xfe]9[0xf1][0xc9][0xe2][0xb]z[0xe][0xce][0xf3][0xab]o[0xb4](/[0x9b]:[0xde][0x96][0xc9][0xb5][0x8b][0x8a]([0xcc][0xe7]y[0xe9][0xad][0xe0][0xb6][0xed][0x90]=+[0xd5][0x9b][0xfe][0x7][0x9d][0x1][0x96] wA[0x84]Hi[0xb6][0x8b][0x10][0xc7]v[0xe0]>[0xa0][0xc0][0xf7][0x83]I<[0xf1][0xa6][0x13]]]>&#x7f;<![CDATA[|[0xdf][0x9]`-[0xa8][0x4][0x95][0xd2].[0xe7][0x18]y[0xa7]'[0xc7][0x16][0xe3][0x8c][0xec][0xbe]!r[0x11][0xb2]][0xdf]F[0xa7][0xf7][0xc8][0x9b][0xb9][0xe3][0x99][0x1f]<[0xc5][0xc9][0xca][0xff][0x9e][0xe3]qrc[0xcf]]S[0xb6]vz>~to~>.[0xd4][0xd2]mN[0xbc][0x2][0xbd][0xd0][0x8b]i[0x16][0x99][0xa7][0xd2][0xfa][0xfd][0x7][0x15][0xfc]s[0xbf][0xd2][0x3][0x0][0x0]"
16:06:47.683 [pool-1-thread-2] DEBUG karate.org.apache.http.wire - http-outgoing-1 << "HTTP/1.1 200 OK[\r][\n]"
16:06:47.683 [pool-1-thread-2] DEBUG karate.org.apache.http.wire - http-outgoing-1 << "Connection: keep-alive[\r][\n]"
16:06:47.683 [pool-1-thread-2] DEBUG karate.org.apache.http.wire - http-outgoing-1 << "Content-Type: application/json[\r][\n]"
16:06:47.683 [pool-1-thread-2] DEBUG karate.org.apache.http.wire - http-outgoing-1 << "Server: nginx/1.18.0 (Ubuntu)[\r][\n]"
16:06:47.683 [pool-1-thread-2] DEBUG karate.org.apache.http.wire - http-outgoing-1 << "Cache-Control: max-age=0, no-cache, no-store, must-revalidate[\r][\n]"
16:06:47.683 [pool-1-thread-2] DEBUG karate.org.apache.http.wire - http-outgoing-1 << "Paypal-Debug-Id: c9d20ba42f814[\r][\n]"
16:06:47.683 [pool-1-thread-2] DEBUG karate.org.apache.http.wire - http-outgoing-1 << "Pragma: no-cache[\r][\n]"
16:06:47.683 [pool-1-thread-2] DEBUG karate.org.apache.http.wire - http-outgoing-1 << "X-Paypal-Token-Service: IAAS[\r][\n]"
16:06:47.683 [pool-1-thread-2] DEBUG karate.org.apache.http.wire - http-outgoing-1 << "Strict-Transport-Security: max-age=31536000; includeSubDomains[\r][\n]"
16:06:47.683 [pool-1-thread-2] DEBUG karate.org.apache.http.wire - http-outgoing-1 << "Accept-Ranges: none[\r][\n]"
16:06:47.683 [pool-1-thread-2] DEBUG karate.org.apache.http.wire - http-outgoing-1 << "Via: 1.1 varnish, 1.1 varnish[\r][\n]"
16:06:47.683 [pool-1-thread-2] DEBUG karate.org.apache.http.wire - http-outgoing-1 << "content-encoding: gzip[\r][\n]"
16:06:47.683 [pool-1-thread-2] DEBUG karate.org.apache.http.wire - http-outgoing-1 << "Edge-Control: max-age=0[\r][\n]"
16:06:47.683 [pool-1-thread-2] DEBUG karate.org.apache.http.wire - http-outgoing-1 << "Date: Wed, 27 Apr 2022 21:07:32 GMT[\r][\n]"
16:06:47.683 [pool-1-thread-2] DEBUG karate.org.apache.http.wire - http-outgoing-1 << "X-Served-By: cache-cgh11154-CGH, cache-bog6420-BOG[\r][\n]"
16:06:47.683 [pool-1-thread-2] DEBUG karate.org.apache.http.wire - http-outgoing-1 << "X-Cache: MISS, MISS[\r][\n]"
16:06:47.683 [pool-1-thread-2] DEBUG karate.org.apache.http.wire - http-outgoing-1 << "X-Cache-Hits: 0, 0[\r][\n]"
16:06:47.683 [pool-1-thread-2] DEBUG karate.org.apache.http.wire - http-outgoing-1 << "X-Timer: S1651093652.561226,VS0,VE795[\r][\n]"
16:06:47.683 [pool-1-thread-2] DEBUG karate.org.apache.http.wire - http-outgoing-1 << "Vary: Accept-Encoding[\r][\n]"
16:06:47.683 [pool-1-thread-2] DEBUG karate.org.apache.http.wire - http-outgoing-1 << "transfer-encoding: chunked[\r][\n]"
16:06:47.683 [pool-1-thread-2] DEBUG karate.org.apache.http.wire - http-outgoing-1 << "[\r][\n]"
16:06:47.684 [pool-1-thread-2] DEBUG karate.org.apache.http.headers - http-outgoing-1 << HTTP/1.1 200 OK
16:06:47.684 [pool-1-thread-2] DEBUG karate.org.apache.http.headers - http-outgoing-1 << Connection: keep-alive
16:06:47.684 [pool-1-thread-2] DEBUG karate.org.apache.http.headers - http-outgoing-1 << Content-Type: application/json
16:06:47.684 [pool-1-thread-2] DEBUG karate.org.apache.http.headers - http-outgoing-1 << Server: nginx/1.18.0 (Ubuntu)
16:06:47.684 [pool-1-thread-2] DEBUG karate.org.apache.http.headers - http-outgoing-1 << Cache-Control: max-age=0, no-cache, no-store, must-revalidate
16:06:47.684 [pool-1-thread-2] DEBUG karate.org.apache.http.headers - http-outgoing-1 << Paypal-Debug-Id: c9d20ba42f814
16:06:47.684 [pool-1-thread-2] DEBUG karate.org.apache.http.headers - http-outgoing-1 << Pragma: no-cache
16:06:47.684 [pool-1-thread-2] DEBUG karate.org.apache.http.headers - http-outgoing-1 << X-Paypal-Token-Service: IAAS
16:06:47.684 [pool-1-thread-2] DEBUG karate.org.apache.http.headers - http-outgoing-1 << Strict-Transport-Security: max-age=31536000; includeSubDomains
16:06:47.684 [pool-1-thread-2] DEBUG karate.org.apache.http.headers - http-outgoing-1 << Accept-Ranges: none
16:06:47.684 [pool-1-thread-2] DEBUG karate.org.apache.http.headers - http-outgoing-1 << Via: 1.1 varnish, 1.1 varnish
16:06:47.684 [pool-1-thread-2] DEBUG karate.org.apache.http.headers - http-outgoing-1 << content-encoding: gzip
16:06:47.684 [pool-1-thread-2] DEBUG karate.org.apache.http.headers - http-outgoing-1 << Edge-Control: max-age=0
16:06:47.684 [pool-1-thread-2] DEBUG karate.org.apache.http.headers - http-outgoing-1 << Date: Wed, 27 Apr 2022 21:07:32 GMT
16:06:47.684 [pool-1-thread-2] DEBUG karate.org.apache.http.headers - http-outgoing-1 << X-Served-By: cache-cgh11154-CGH, cache-bog6420-BOG
16:06:47.684 [pool-1-thread-2] DEBUG karate.org.apache.http.headers - http-outgoing-1 << X-Cache: MISS, MISS
16:06:47.684 [pool-1-thread-2] DEBUG karate.org.apache.http.headers - http-outgoing-1 << X-Cache-Hits: 0, 0
16:06:47.684 [pool-1-thread-2] DEBUG karate.org.apache.http.headers - http-outgoing-1 << X-Timer: S1651093652.561226,VS0,VE795
16:06:47.684 [pool-1-thread-2] DEBUG karate.org.apache.http.headers - http-outgoing-1 << Vary: Accept-Encoding
16:06:47.684 [pool-1-thread-2] DEBUG karate.org.apache.http.headers - http-outgoing-1 << transfer-encoding: chunked
16:06:47.684 [pool-1-thread-2] DEBUG karate.org.apache.http.impl.execchain.MainClientExec - Connection can be kept alive indefinitely
16:06:47.684 [pool-1-thread-1] DEBUG com.intuit.karate - response time in milliseconds: 1077
1 < 200
1 < Connection: keep-alive
1 < Content-Type: application/json
1 < Server: nginx/1.18.0 (Ubuntu)
1 < Cache-Control: max-age=0, no-cache, no-store, must-revalidate
1 < Paypal-Debug-Id: c8db3b01d2579
1 < Pragma: no-cache
1 < X-Paypal-Token-Service: IAAS
1 < Strict-Transport-Security: max-age=31536000; includeSubDomains
1 < Accept-Ranges: none
1 < Via: 1.1 varnish, 1.1 varnish
1 < Edge-Control: max-age=0
1 < Date: Wed, 27 Apr 2022 21:07:32 GMT
1 < X-Served-By: cache-cgh11182-CGH, cache-bog6429-BOG
1 < X-Cache: MISS, MISS
1 < X-Cache-Hits: 0, 0
1 < X-Timer: S1651093652.556027,VS0,VE786
1 < Vary: Accept-Encoding
1 < transfer-encoding: chunked
{"scope":"https://uri.paypal.com/services/invoicing https://uri.paypal.com/services/disputes/read-buyer https://uri.paypal.com/services/payments/realtimepayment https://uri.paypal.com/services/disputes/update-seller https://uri.paypal.com/services/payments/payment/authcapture openid https://uri.paypal.com/services/disputes/read-seller https://uri.paypal.com/services/payments/refund https://api.paypal.com/v1/vault/credit-card https://api.paypal.com/v1/payments/.* https://uri.paypal.com/payments/payouts https://api.paypal.com/v1/vault/credit-card/.* https://uri.paypal.com/services/shipping/trackers/readwrite https://uri.paypal.com/services/subscriptions https://uri.paypal.com/services/applications/webhooks","access_token":"A21AAKLRLFujOyYSehzSxYdG0zJw-onvqmBLM9RmlU8Wxo94n5-2vwAIk9JCY4cRD2f8EgKHihkIvmPzkYM02hLAgJgk1qeOw","token_type":"Bearer","app_id":"APP-80W284485P519543T","expires_in":32176,"nonce":"2022-04-27T21:03:48ZPYq4Qga3YN-J0ukw-_E3X0NVXRsb0v61h2jiF9dLuZk"}
16:06:47.684 [pool-1-thread-4] DEBUG com.intuit.karate - response time in milliseconds: 1077
1 < 200
1 < Connection: keep-alive
1 < Content-Type: application/json
1 < Server: nginx/1.18.0 (Ubuntu)
1 < Cache-Control: max-age=0, no-cache, no-store, must-revalidate
1 < Paypal-Debug-Id: 262d1bf08a2fb
1 < Pragma: no-cache
1 < X-Paypal-Token-Service: IAAS
1 < Strict-Transport-Security: max-age=31536000; includeSubDomains
1 < Accept-Ranges: none
1 < Via: 1.1 varnish, 1.1 varnish
1 < Edge-Control: max-age=0
1 < Date: Wed, 27 Apr 2022 21:07:32 GMT
1 < X-Served-By: cache-cgh11154-CGH, cache-bog6429-BOG
1 < X-Cache: MISS, MISS
1 < X-Cache-Hits: 0, 0
1 < X-Timer: S1651093652.553957,VS0,VE788
1 < Vary: Accept-Encoding
1 < transfer-encoding: chunked
{"scope":"https://uri.paypal.com/services/invoicing https://uri.paypal.com/services/disputes/read-buyer https://uri.paypal.com/services/payments/realtimepayment https://uri.paypal.com/services/disputes/update-seller https://uri.paypal.com/services/payments/payment/authcapture openid https://uri.paypal.com/services/disputes/read-seller https://uri.paypal.com/services/payments/refund https://api.paypal.com/v1/vault/credit-card https://api.paypal.com/v1/payments/.* https://uri.paypal.com/payments/payouts https://api.paypal.com/v1/vault/credit-card/.* https://uri.paypal.com/services/shipping/trackers/readwrite https://uri.paypal.com/services/subscriptions https://uri.paypal.com/services/applications/webhooks","access_token":"A21AAKLRLFujOyYSehzSxYdG0zJw-onvqmBLM9RmlU8Wxo94n5-2vwAIk9JCY4cRD2f8EgKHihkIvmPzkYM02hLAgJgk1qeOw","token_type":"Bearer","app_id":"APP-80W284485P519543T","expires_in":32176,"nonce":"2022-04-27T21:03:48ZPYq4Qga3YN-J0ukw-_E3X0NVXRsb0v61h2jiF9dLuZk"}
16:06:47.684 [pool-1-thread-2] DEBUG karate.org.apache.http.wire - http-outgoing-1 << "1ce[\r][\n]"
[...]
[THYMELEAF]             * [* {th:cols,data-th-cols}] [1000]: karate.org.thymeleaf.standard.processor.StandardRemovableAttributeTagProcessor
[THYMELEAF]             * [* {th:compact,data-th-compact}] [1000]: karate.org.thymeleaf.standard.processor.StandardRemovableAttributeTagProcessor
[THYMELEAF]             * [* {th:formenctype,data-th-formenctype}] [1000]: karate.org.thymeleaf.standard.processor.StandardRemovableAttributeTagProcessor
[THYMELEAF]             * [* {th:rows,data-th-rows}] [1000]: karate.org.thymeleaf.standard.processor.StandardRemovableAttributeTagProcessor
[THYMELEAF]             * [* {th:align,data-th-align}] [1000]: karate.org.thymeleaf.standard.processor.StandardRemovableAttributeTagProcessor
[THYMELEAF]             * [* {th:list,data-th-list}] [1000]: karate.org.thymeleaf.standard.processor.StandardRemovableAttributeTagProcessor
[THYMELEAF]             * [* {th:valuetype,data-th-valuetype}] [1000]: karate.org.thymeleaf.standard.processor.StandardRemovableAttributeTagProcessor
[THYMELEAF]             * [* {th:width,data-th-width}] [1000]: karate.org.thymeleaf.standard.processor.StandardRemovableAttributeTagProcessor
[THYMELEAF]             * [* {th:spellcheck,data-th-spellcheck}] [1000]: karate.org.thymeleaf.standard.processor.StandardRemovableAttributeTagProcessor
[THYMELEAF]             * [* {th:frame,data-th-frame}] [1000]: karate.org.thymeleaf.standard.processor.StandardRemovableAttributeTagProcessor
[THYMELEAF]             * [* {th:hreflang,data-th-hreflang}] [1000]: karate.org.thymeleaf.standard.processor.StandardRemovableAttributeTagProcessor
[THYMELEAF]             * [* {th:draggable,data-th-draggable}] [1000]: karate.org.thymeleaf.standard.processor.StandardRemovableAttributeTagProcessor
[THYMELEAF]             * [* {th:scrolling,data-th-scrolling}] [1000]: karate.org.thymeleaf.standard.processor.StandardRemovableAttributeTagProcessor
[THYMELEAF]             * [* {th:headers,data-th-headers}] [1000]: karate.org.thymeleaf.standard.processor.StandardRemovableAttributeTagProcessor
[THYMELEAF]             * [* {th:usemap,data-th-usemap}] [1000]: karate.org.thymeleaf.standard.processor.StandardRemovableAttributeTagProcessor
[THYMELEAF]             * [* {th:data,data-th-data}] [1000]: karate.org.thymeleaf.standard.processor.StandardRemovableAttributeTagProcessor
[THYMELEAF]             * [* {th:preload,data-th-preload}] [1000]: karate.org.thymeleaf.standard.processor.StandardRemovableAttributeTagProcessor
[THYMELEAF]             * [* {th:rev,data-th-rev}] [1000]: karate.org.thymeleaf.standard.processor.StandardRemovableAttributeTagProcessor
[THYMELEAF]             * [* {th:archive,data-th-archive}] [1000]: karate.org.thymeleaf.standard.processor.StandardRemovableAttributeTagProcessor
[THYMELEAF]             * [* {th:for,data-th-for}] [1000]: karate.org.thymeleaf.standard.processor.StandardRemovableAttributeTagProcessor
[THYMELEAF]             * [* {th:background,data-th-background}] [1000]: karate.org.thymeleaf.standard.processor.StandardRemovableAttributeTagProcessor
[THYMELEAF]             * [* {th:cellpadding,data-th-cellpadding}] [1000]: karate.org.thymeleaf.standard.processor.StandardRemovableAttributeTagProcessor
[THYMELEAF]             * [* {th:label,data-th-label}] [1000]: karate.org.thymeleaf.standard.processor.StandardRemovableAttributeTagProcessor
[THYMELEAF]             * [* {th:marginwidth,data-th-marginwidth}] [1000]: karate.org.thymeleaf.standard.processor.StandardRemovableAttributeTagProcessor
[THYMELEAF]             * [* {th:placeholder,data-th-placeholder}] [1000]: karate.org.thymeleaf.standard.processor.StandardRemovableAttributeTagProcessor
[THYMELEAF]             * [* {th:codebase,data-th-codebase}] [1000]: karate.org.thymeleaf.standard.processor.StandardRemovableAttributeTagProcessor
[THYMELEAF]             * [* {th:codetype,data-th-codetype}] [1000]: karate.org.thymeleaf.standard.processor.StandardRemovableAttributeTagProcessor
[THYMELEAF]             * [* {th:enctype,data-th-enctype}] [1000]: karate.org.thymeleaf.standard.processor.StandardRemovableAttributeTagProcessor
[THYMELEAF]             * [* {th:sizes,data-th-sizes}] [1000]: karate.org.thymeleaf.standard.processor.StandardRemovableAttributeTagProcessor
[THYMELEAF]             * [* {th:longdesc,data-th-longdesc}] [1000]: karate.org.thymeleaf.standard.processor.StandardRemovableAttributeTagProcessor
[THYMELEAF]             * [* {th:high,data-th-high}] [1000]: karate.org.thymeleaf.standard.processor.StandardRemovableAttributeTagProcessor
[THYMELEAF]             * [* {th:src,data-th-src}] [1000]: karate.org.thymeleaf.standard.processor.StandardSrcTagProcessor
[THYMELEAF]             * [* {th:value,data-th-value}] [1000]: karate.org.thymeleaf.standard.processor.StandardValueTagProcessor
[THYMELEAF]             * [* {th:xmlbase,data-th-xmlbase}] [1000]: karate.org.thymeleaf.standard.processor.StandardXmlBaseTagProcessor
[THYMELEAF]             * [* {th:xmllang,data-th-xmllang}] [1000]: karate.org.thymeleaf.standard.processor.StandardXmlLangTagProcessor
[THYMELEAF]             * [* {xmlns:th}] [1000]: karate.org.thymeleaf.standard.processor.StandardXmlNsTagProcessor
[THYMELEAF]             * [* {th:xmlspace,data-th-xmlspace}] [1000]: karate.org.thymeleaf.standard.processor.StandardXmlSpaceTagProcessor
[THYMELEAF]             * [* {th:classappend,data-th-classappend}] [1100]: karate.org.thymeleaf.standard.processor.StandardClassappendTagProcessor
[THYMELEAF]             * [* {th:styleappend,data-th-styleappend}] [1100]: karate.org.thymeleaf.standard.processor.StandardStyleappendTagProcessor
[THYMELEAF]             * [* {th:text,data-th-text}] [1300]: karate.org.thymeleaf.standard.processor.StandardTextTagProcessor
[THYMELEAF]             * [* {th:utext,data-th-utext}] [1400]: karate.org.thymeleaf.standard.processor.StandardUtextTagProcessor
[THYMELEAF]             * [* {th:fragment,data-th-fragment}] [1500]: karate.org.thymeleaf.standard.processor.StandardFragmentTagProcessor
[THYMELEAF]             * [* {th:assert,data-th-assert}] [1550]: karate.org.thymeleaf.standard.processor.StandardAssertTagProcessor
[THYMELEAF]             * [* {th:remove,data-th-remove}] [1600]: karate.org.thymeleaf.standard.processor.StandardRemoveTagProcessor
[THYMELEAF]             * [* {th:ref,data-th-ref}] [10000]: karate.org.thymeleaf.standard.processor.StandardRefAttributeTagProcessor
[THYMELEAF]             * [{th:block,th-block} *] [100000]: karate.org.thymeleaf.standard.processor.StandardBlockTagProcessor
[THYMELEAF]             * [* th:*] [2147483647]: karate.org.thymeleaf.standard.processor.StandardDefaultAttributesTagProcessor
[THYMELEAF]         * Text Processors by [precedence]:
[THYMELEAF]             * [1000]: karate.org.thymeleaf.standard.processor.StandardInliningTextProcessor
[THYMELEAF]         * DOCTYPE Processors by [precedence]:
[THYMELEAF]             * [1000]: karate.org.thymeleaf.standard.processor.StandardTranslationDocTypeProcessor
[THYMELEAF]         * CDATA Section Processors by [precedence]:
[THYMELEAF]             * [1000]: karate.org.thymeleaf.standard.processor.StandardInliningCDATASectionProcessor
[THYMELEAF]         * Comment Processors by [precedence]:
[THYMELEAF]             * [1000]: karate.org.thymeleaf.standard.processor.StandardInliningCommentProcessor
[THYMELEAF]             * [1100]: karate.org.thymeleaf.standard.processor.StandardConditionalCommentProcessor
[THYMELEAF]     * Processors for Template Mode: XML
[THYMELEAF]         * Element Tag Processors by [matching element and attribute name] [precedence]:
[THYMELEAF]             * [* {th:include}] [100]: karate.org.thymeleaf.standard.processor.StandardIncludeTagProcessor
[THYMELEAF]             * [* {th:insert}] [100]: karate.org.thymeleaf.standard.processor.StandardInsertTagProcessor
[THYMELEAF]             * [* {th:replace}] [100]: karate.org.thymeleaf.standard.processor.StandardReplaceTagProcessor
[THYMELEAF]             * [* {th:substituteby}] [100]: karate.org.thymeleaf.standard.processor.StandardSubstituteByTagProcessor
[THYMELEAF]             * [* {th:each}] [200]: com.intuit.karate.template.KarateEachTagProcessor
[THYMELEAF]             * [* {th:switch}] [250]: karate.org.thymeleaf.standard.processor.StandardSwitchTagProcessor
[THYMELEAF]             * [* {th:case}] [275]: karate.org.thymeleaf.standard.processor.StandardCaseTagProcessor
[THYMELEAF]             * [* {th:if}] [300]: karate.org.thymeleaf.standard.processor.StandardIfTagProcessor
[THYMELEAF]             * [* {th:unless}] [400]: karate.org.thymeleaf.standard.processor.StandardUnlessTagProcessor
[THYMELEAF]             * [* {th:object}] [500]: karate.org.thymeleaf.standard.processor.StandardObjectTagProcessor
[THYMELEAF]             * [* {th:with}] [600]: com.intuit.karate.template.KarateWithTagProcessor
[THYMELEAF]             * [* {th:attr}] [700]: com.intuit.karate.template.KarateAttributeTagProcessor.KarateAttrTagProcessor
[THYMELEAF]             * [* {th:attrappend}] [900]: com.intuit.karate.template.KarateAttributeTagProcessor.KarateAttrappendTagProcessor
[THYMELEAF]             * [* {th:attrprepend}] [900]: com.intuit.karate.template.KarateAttributeTagProcessor.KarateAttrprependTagProcessor
[THYMELEAF]             * [* {th:inline}] [1000]: karate.org.thymeleaf.standard.processor.StandardInlineXMLTagProcessor
[THYMELEAF]             * [* {xmlns:th}] [1000]: karate.org.thymeleaf.standard.processor.StandardXmlNsTagProcessor
[THYMELEAF]             * [* {th:text}] [1300]: karate.org.thymeleaf.standard.processor.StandardTextTagProcessor
[THYMELEAF]             * [* {th:utext}] [1400]: karate.org.thymeleaf.standard.processor.StandardUtextTagProcessor
[THYMELEAF]             * [* {th:fragment}] [1500]: karate.org.thymeleaf.standard.processor.StandardFragmentTagProcessor
[THYMELEAF]             * [* {th:assert}] [1550]: karate.org.thymeleaf.standard.processor.StandardAssertTagProcessor
[THYMELEAF]             * [* {th:remove}] [1600]: karate.org.thymeleaf.standard.processor.StandardRemoveTagProcessor
[THYMELEAF]             * [* {th:ref}] [10000]: karate.org.thymeleaf.standard.processor.StandardRefAttributeTagProcessor
[THYMELEAF]             * [{th:block} *] [100000]: karate.org.thymeleaf.standard.processor.StandardBlockTagProcessor
[THYMELEAF]             * [* th:*] [2147483647]: karate.org.thymeleaf.standard.processor.StandardDefaultAttributesTagProcessor
[THYMELEAF]         * Text Processors by [precedence]:
[THYMELEAF]             * [1000]: karate.org.thymeleaf.standard.processor.StandardInliningTextProcessor
[THYMELEAF]         * CDATA Section Processors by [precedence]:
[THYMELEAF]             * [1000]: karate.org.thymeleaf.standard.processor.StandardInliningCDATASectionProcessor
[THYMELEAF]         * Comment Processors by [precedence]:
[THYMELEAF]             * [1000]: karate.org.thymeleaf.standard.processor.StandardInliningCommentProcessor
[THYMELEAF]     * Processors for Template Mode: TEXT
[THYMELEAF]         * Element Tag Processors by [matching element and attribute name] [precedence]:
[THYMELEAF]             * [* {th:insert}] [100]: karate.org.thymeleaf.standard.processor.StandardInsertTagProcessor
[THYMELEAF]             * [* {th:replace}] [100]: karate.org.thymeleaf.standard.processor.StandardReplaceTagProcessor
[THYMELEAF]             * [* {th:each}] [200]: com.intuit.karate.template.KarateEachTagProcessor
[THYMELEAF]             * [* {th:switch}] [250]: karate.org.thymeleaf.standard.processor.StandardSwitchTagProcessor
[THYMELEAF]             * [* {th:case}] [275]: karate.org.thymeleaf.standard.processor.StandardCaseTagProcessor
[THYMELEAF]             * [* {th:if}] [300]: karate.org.thymeleaf.standard.processor.StandardIfTagProcessor
[THYMELEAF]             * [* {th:unless}] [400]: karate.org.thymeleaf.standard.processor.StandardUnlessTagProcessor
[THYMELEAF]             * [* {th:object}] [500]: karate.org.thymeleaf.standard.processor.StandardObjectTagProcessor
[THYMELEAF]             * [* {th:with}] [600]: com.intuit.karate.template.KarateWithTagProcessor
[THYMELEAF]             * [* {th:inline}] [1000]: karate.org.thymeleaf.standard.processor.StandardInlineTextualTagProcessor
[THYMELEAF]             * [* {th:text}] [1300]: karate.org.thymeleaf.standard.processor.StandardTextTagProcessor
[THYMELEAF]             * [* {th:utext}] [1400]: karate.org.thymeleaf.standard.processor.StandardUtextTagProcessor
[THYMELEAF]             * [* {th:assert}] [1550]: karate.org.thymeleaf.standard.processor.StandardAssertTagProcessor
[THYMELEAF]             * [* {th:remove}] [1600]: karate.org.thymeleaf.standard.processor.StandardRemoveTagProcessor
[THYMELEAF]             * [{th:block} *] [100000]: karate.org.thymeleaf.standard.processor.StandardBlockTagProcessor
[THYMELEAF]             * [* 100000] [karate.org.thymeleaf.standard.processor.StandardBlockTagProcessor]: {}
[THYMELEAF]         * Text Processors by [precedence]:
[THYMELEAF]             * [1000]: karate.org.thymeleaf.standard.processor.StandardInliningTextProcessor
[THYMELEAF]     * Processors for Template Mode: JAVASCRIPT
[THYMELEAF]         * Element Tag Processors by [matching element and attribute name] [precedence]:
[THYMELEAF]             * [* {th:insert}] [100]: karate.org.thymeleaf.standard.processor.StandardInsertTagProcessor
[THYMELEAF]             * [* {th:replace}] [100]: karate.org.thymeleaf.standard.processor.StandardReplaceTagProcessor
[THYMELEAF]             * [* {th:each}] [200]: com.intuit.karate.template.KarateEachTagProcessor
[THYMELEAF]             * [* {th:switch}] [250]: karate.org.thymeleaf.standard.processor.StandardSwitchTagProcessor
[THYMELEAF]             * [* {th:case}] [275]: karate.org.thymeleaf.standard.processor.StandardCaseTagProcessor
[THYMELEAF]             * [* {th:if}] [300]: karate.org.thymeleaf.standard.processor.StandardIfTagProcessor
[THYMELEAF]             * [* {th:unless}] [400]: karate.org.thymeleaf.standard.processor.StandardUnlessTagProcessor
[THYMELEAF]             * [* {th:object}] [500]: karate.org.thymeleaf.standard.processor.StandardObjectTagProcessor
[THYMELEAF]             * [* {th:with}] [600]: com.intuit.karate.template.KarateWithTagProcessor
[THYMELEAF]             * [* {th:inline}] [1000]: karate.org.thymeleaf.standard.processor.StandardInlineTextualTagProcessor
[THYMELEAF]             * [* {th:text}] [1300]: karate.org.thymeleaf.standard.processor.StandardTextTagProcessor
[THYMELEAF]             * [* {th:utext}] [1400]: karate.org.thymeleaf.standard.processor.StandardUtextTagProcessor
[THYMELEAF]             * [* {th:assert}] [1550]: karate.org.thymeleaf.standard.processor.StandardAssertTagProcessor
[THYMELEAF]             * [* {th:remove}] [1600]: karate.org.thymeleaf.standard.processor.StandardRemoveTagProcessor
[THYMELEAF]             * [* 100000] [karate.org.thymeleaf.standard.processor.StandardBlockTagProcessor]: {}
[THYMELEAF]             * [{th:block} *] [100000]: karate.org.thymeleaf.standard.processor.StandardBlockTagProcessor
[THYMELEAF]         * Text Processors by [precedence]:
[THYMELEAF]             * [1000]: karate.org.thymeleaf.standard.processor.StandardInliningTextProcessor
[THYMELEAF]     * Processors for Template Mode: CSS
[THYMELEAF]         * Element Tag Processors by [matching element and attribute name] [precedence]:
[THYMELEAF]             * [* {th:insert}] [100]: karate.org.thymeleaf.standard.processor.StandardInsertTagProcessor
[THYMELEAF]             * [* {th:replace}] [100]: karate.org.thymeleaf.standard.processor.StandardReplaceTagProcessor
[THYMELEAF]             * [* {th:each}] [200]: com.intuit.karate.template.KarateEachTagProcessor
[THYMELEAF]             * [* {th:switch}] [250]: karate.org.thymeleaf.standard.processor.StandardSwitchTagProcessor
[THYMELEAF]             * [* {th:case}] [275]: karate.org.thymeleaf.standard.processor.StandardCaseTagProcessor
[THYMELEAF]             * [* {th:if}] [300]: karate.org.thymeleaf.standard.processor.StandardIfTagProcessor
[THYMELEAF]             * [* {th:unless}] [400]: karate.org.thymeleaf.standard.processor.StandardUnlessTagProcessor
[THYMELEAF]             * [* {th:object}] [500]: karate.org.thymeleaf.standard.processor.StandardObjectTagProcessor
[THYMELEAF]             * [* {th:with}] [600]: com.intuit.karate.template.KarateWithTagProcessor
[THYMELEAF]             * [* {th:inline}] [1000]: karate.org.thymeleaf.standard.processor.StandardInlineTextualTagProcessor
[THYMELEAF]             * [* {th:text}] [1300]: karate.org.thymeleaf.standard.processor.StandardTextTagProcessor
[THYMELEAF]             * [* {th:utext}] [1400]: karate.org.thymeleaf.standard.processor.StandardUtextTagProcessor
[THYMELEAF]             * [* {th:assert}] [1550]: karate.org.thymeleaf.standard.processor.StandardAssertTagProcessor
[THYMELEAF]             * [* {th:remove}] [1600]: karate.org.thymeleaf.standard.processor.StandardRemoveTagProcessor
[THYMELEAF]             * [* 100000] [karate.org.thymeleaf.standard.processor.StandardBlockTagProcessor]: {}
[THYMELEAF]             * [{th:block} *] [100000]: karate.org.thymeleaf.standard.processor.StandardBlockTagProcessor
[THYMELEAF]         * Text Processors by [precedence]:
[THYMELEAF]             * [1000]: karate.org.thymeleaf.standard.processor.StandardInliningTextProcessor
[THYMELEAF]     * Expression Objects:
[THYMELEAF]         * #ctx
[THYMELEAF]         * #root
[THYMELEAF]         * #vars
[THYMELEAF]         * #object
[THYMELEAF]         * #locale
[THYMELEAF]         * #request
[THYMELEAF]         * #response
[THYMELEAF]         * #session
[THYMELEAF]         * #servletContext
[THYMELEAF]         * #conversions
[THYMELEAF]         * #uris
[THYMELEAF]         * #calendars
[THYMELEAF]         * #dates
[THYMELEAF]         * #bools
[THYMELEAF]         * #numbers
[THYMELEAF]         * #objects
[THYMELEAF]         * #strings
[THYMELEAF]         * #arrays
[THYMELEAF]         * #lists
[THYMELEAF]         * #sets
[THYMELEAF]         * #maps
[THYMELEAF]         * #aggregates
[THYMELEAF]         * #messages
[THYMELEAF]         * #ids
[THYMELEAF]         * #execInfo
[THYMELEAF]         * #httpServletRequest
[THYMELEAF]         * #httpSession
[THYMELEAF]     * Execution Attributes:
[THYMELEAF]         * "StandardExpressionParser": com.intuit.karate.template.KarateStandardDialect@64d43929
[THYMELEAF]         * "StandardJavaScriptSerializer": karate.org.thymeleaf.standard.serializer.StandardJavaScriptSerializer@2d84cb86
[THYMELEAF]         * "StandardCSSSerializer": karate.org.thymeleaf.standard.serializer.StandardCSSSerializer@71a3a190
[THYMELEAF]         * "StandardVariableExpressionEvaluator": com.intuit.karate.template.KarateStandardDialect@64d43929
[THYMELEAF]         * "StandardConversionService": karate.org.thymeleaf.standard.expression.StandardConversionService@588ffeb
[THYMELEAF] * Dialect [2 of 2]: karate (com.intuit.karate.template.KarateScriptDialect)
[THYMELEAF]     * Prefix: "ka"
[THYMELEAF]     * Processors for Template Mode: HTML
[THYMELEAF]         * Element Tag Processors by [matching element and attribute name] [precedence]:
[THYMELEAF]             * [* {src}] [1000]: com.intuit.karate.template.KaScriptAttrProcessor
[THYMELEAF]         * Element Model Processors by [matching element and attribute name] [precedence]:
[THYMELEAF]             * [{script} {ka:scope,data-ka-scope}] [1000]: com.intuit.karate.template.KaScriptElemProcessor
[THYMELEAF]             * [* {ka:set,data-ka-set}] [1000]: com.intuit.karate.template.KaSetElemProcessor
[THYMELEAF] TEMPLATE ENGINE CONFIGURED OK
16:06:49.895 [Test worker] DEBUG karate.org.thymeleaf.TemplateEngine - [THYMELEAF] TEMPLATE ENGINE INITIALIZED

HTML report: (paste into browser to view) | Karate version: 1.1.0
file:///C:/Users/abustos/IdeaProjects/KaratePaypal/build/karate-reports/karate-summary.html
===================================================================

]]></system-out>
  <system-err><![CDATA[]]></system-err>
</testsuite>
